CRITICAL - 2020-10-19 01:25:15 --> Invalid file: login.php
#0 C:\xampp\htdocs\system\View\View.php(228): CodeIgniter\Exceptions\FrameworkException::forInvalidFile('login.php')
#1 C:\xampp\htdocs\system\Common.php(1119): CodeIgniter\View\View->render('login', Array, true)
#2 C:\xampp\htdocs\app\Controllers\User_R.php(42): view('login')
#3 C:\xampp\htdocs\system\CodeIgniter.php(918): App\Controllers\User_R->index()
#4 C:\xampp\htdocs\system\CodeIgniter.php(404): CodeIgniter\CodeIgniter->runController(Object(App\Controllers\User_R))
#5 C:\xampp\htdocs\system\CodeIgniter.php(312): CodeIgniter\CodeIgniter->handleRequest(NULL, Object(Config\Cache), false)
#6 C:\xampp\htdocs\public\index.php(45): CodeIgniter\CodeIgniter->run()
#7 {main}
CRITICAL - 2020-10-19 01:27:11 --> Invalid file: login.php
#0 C:\xampp\htdocs\system\View\View.php(228): CodeIgniter\Exceptions\FrameworkException::forInvalidFile('login.php')
#1 C:\xampp\htdocs\system\Common.php(1119): CodeIgniter\View\View->render('login', Array, true)
#2 C:\xampp\htdocs\app\Controllers\User_R.php(42): view('login')
#3 C:\xampp\htdocs\system\CodeIgniter.php(918): App\Controllers\User_R->index()
#4 C:\xampp\htdocs\system\CodeIgniter.php(404): CodeIgniter\CodeIgniter->runController(Object(App\Controllers\User_R))
#5 C:\xampp\htdocs\system\CodeIgniter.php(312): CodeIgniter\CodeIgniter->handleRequest(NULL, Object(Config\Cache), false)
#6 C:\xampp\htdocs\public\index.php(45): CodeIgniter\CodeIgniter->run()
#7 {main}
CRITICAL - 2020-10-19 01:27:27 --> Invalid file: login.php
#0 C:\xampp\htdocs\system\View\View.php(228): CodeIgniter\Exceptions\FrameworkException::forInvalidFile('login.php')
#1 C:\xampp\htdocs\system\Common.php(1119): CodeIgniter\View\View->render('login', Array, true)
#2 C:\xampp\htdocs\app\Controllers\User_R.php(42): view('login')
#3 C:\xampp\htdocs\system\CodeIgniter.php(918): App\Controllers\User_R->index()
#4 C:\xampp\htdocs\system\CodeIgniter.php(404): CodeIgniter\CodeIgniter->runController(Object(App\Controllers\User_R))
#5 C:\xampp\htdocs\system\CodeIgniter.php(312): CodeIgniter\CodeIgniter->handleRequest(NULL, Object(Config\Cache), false)
#6 C:\xampp\htdocs\public\index.php(45): CodeIgniter\CodeIgniter->run()
#7 {main}
CRITICAL - 2020-10-19 01:28:08 --> Invalid file: login.php
#0 C:\xampp\htdocs\system\View\View.php(228): CodeIgniter\Exceptions\FrameworkException::forInvalidFile('login.php')
#1 C:\xampp\htdocs\system\Common.php(1119): CodeIgniter\View\View->render('login', Array, true)
#2 C:\xampp\htdocs\app\Controllers\User_R.php(42): view('login')
#3 C:\xampp\htdocs\system\CodeIgniter.php(918): App\Controllers\User_R->index()
#4 C:\xampp\htdocs\system\CodeIgniter.php(404): CodeIgniter\CodeIgniter->runController(Object(App\Controllers\User_R))
#5 C:\xampp\htdocs\system\CodeIgniter.php(312): CodeIgniter\CodeIgniter->handleRequest(NULL, Object(Config\Cache), false)
#6 C:\xampp\htdocs\public\index.php(45): CodeIgniter\CodeIgniter->run()
#7 {main}
CRITICAL - 2020-10-19 01:29:04 --> Invalid file: login.php
#0 C:\xampp\htdocs\system\View\View.php(228): CodeIgniter\Exceptions\FrameworkException::forInvalidFile('login.php')
#1 C:\xampp\htdocs\system\Common.php(1119): CodeIgniter\View\View->render('login', Array, true)
#2 C:\xampp\htdocs\app\Controllers\User_R.php(42): view('login')
#3 C:\xampp\htdocs\system\CodeIgniter.php(918): App\Controllers\User_R->index()
#4 C:\xampp\htdocs\system\CodeIgniter.php(404): CodeIgniter\CodeIgniter->runController(Object(App\Controllers\User_R))
#5 C:\xampp\htdocs\system\CodeIgniter.php(312): CodeIgniter\CodeIgniter->handleRequest(NULL, Object(Config\Cache), false)
#6 C:\xampp\htdocs\public\index.php(45): CodeIgniter\CodeIgniter->run()
#7 {main}
CRITICAL - 2020-10-19 01:29:05 --> Invalid file: login.php
#0 C:\xampp\htdocs\system\View\View.php(228): CodeIgniter\Exceptions\FrameworkException::forInvalidFile('login.php')
#1 C:\xampp\htdocs\system\Common.php(1119): CodeIgniter\View\View->render('login', Array, true)
#2 C:\xampp\htdocs\app\Controllers\User_R.php(42): view('login')
#3 C:\xampp\htdocs\system\CodeIgniter.php(918): App\Controllers\User_R->index()
#4 C:\xampp\htdocs\system\CodeIgniter.php(404): CodeIgniter\CodeIgniter->runController(Object(App\Controllers\User_R))
#5 C:\xampp\htdocs\system\CodeIgniter.php(312): CodeIgniter\CodeIgniter->handleRequest(NULL, Object(Config\Cache), false)
#6 C:\xampp\htdocs\public\index.php(45): CodeIgniter\CodeIgniter->run()
#7 {main}
CRITICAL - 2020-10-19 01:45:23 --> validateUser is not a valid rule.
#0 C:\xampp\htdocs\system\Validation\Validation.php(333): CodeIgniter\Validation\Exceptions\ValidationException::forRuleNotFound('validateUser')
#1 C:\xampp\htdocs\system\Validation\Validation.php(189): CodeIgniter\Validation\Validation->processRules('pass', 'pass', '<?php if (isset...', Array, Array)
#2 C:\xampp\htdocs\system\Controller.php(219): CodeIgniter\Validation\Validation->run()
#3 C:\xampp\htdocs\app\Controllers\User_R.php(26): CodeIgniter\Controller->validate(Array, Array)
#4 C:\xampp\htdocs\system\CodeIgniter.php(918): App\Controllers\User_R->index()
#5 C:\xampp\htdocs\system\CodeIgniter.php(404): CodeIgniter\CodeIgniter->runController(Object(App\Controllers\User_R))
#6 C:\xampp\htdocs\system\CodeIgniter.php(312): CodeIgniter\CodeIgniter->handleRequest(NULL, Object(Config\Cache), false)
#7 C:\xampp\htdocs\public\index.php(45): CodeIgniter\CodeIgniter->run()
#8 {main}
CRITICAL - 2020-10-19 01:45:47 --> validateUser is not a valid rule.
#0 C:\xampp\htdocs\system\Validation\Validation.php(333): CodeIgniter\Validation\Exceptions\ValidationException::forRuleNotFound('validateUser')
#1 C:\xampp\htdocs\system\Validation\Validation.php(189): CodeIgniter\Validation\Validation->processRules('pass', 'pass', '55555555', Array, Array)
#2 C:\xampp\htdocs\system\Controller.php(219): CodeIgniter\Validation\Validation->run()
#3 C:\xampp\htdocs\app\Controllers\User_R.php(26): CodeIgniter\Controller->validate(Array, Array)
#4 C:\xampp\htdocs\system\CodeIgniter.php(918): App\Controllers\User_R->index()
#5 C:\xampp\htdocs\system\CodeIgniter.php(404): CodeIgniter\CodeIgniter->runController(Object(App\Controllers\User_R))
#6 C:\xampp\htdocs\system\CodeIgniter.php(312): CodeIgniter\CodeIgniter->handleRequest(NULL, Object(Config\Cache), false)
#7 C:\xampp\htdocs\public\index.php(45): CodeIgniter\CodeIgniter->run()
#8 {main}
CRITICAL - 2020-10-19 01:50:51 --> validateUser is not a valid rule.
#0 C:\xampp\htdocs\system\Validation\Validation.php(333): CodeIgniter\Validation\Exceptions\ValidationException::forRuleNotFound('validateUser')
#1 C:\xampp\htdocs\system\Validation\Validation.php(189): CodeIgniter\Validation\Validation->processRules('pass', 'pass', '55555555', Array, Array)
#2 C:\xampp\htdocs\system\Controller.php(219): CodeIgniter\Validation\Validation->run()
#3 C:\xampp\htdocs\app\Controllers\User_R.php(26): CodeIgniter\Controller->validate(Array, Array)
#4 C:\xampp\htdocs\system\CodeIgniter.php(918): App\Controllers\User_R->index()
#5 C:\xampp\htdocs\system\CodeIgniter.php(404): CodeIgniter\CodeIgniter->runController(Object(App\Controllers\User_R))
#6 C:\xampp\htdocs\system\CodeIgniter.php(312): CodeIgniter\CodeIgniter->handleRequest(NULL, Object(Config\Cache), false)
#7 C:\xampp\htdocs\public\index.php(45): CodeIgniter\CodeIgniter->run()
#8 {main}
CRITICAL - 2020-10-19 01:58:40 --> in is not a valid rule.
#0 C:\xampp\htdocs\system\Validation\Validation.php(333): CodeIgniter\Validation\Exceptions\ValidationException::forRuleNotFound('in')
#1 C:\xampp\htdocs\system\Validation\Validation.php(189): CodeIgniter\Validation\Validation->processRules('gender', 'gender', 'Choose Gender', Array, Array)
#2 C:\xampp\htdocs\system\Controller.php(219): CodeIgniter\Validation\Validation->run()
#3 C:\xampp\htdocs\app\Controllers\User_R.php(64): CodeIgniter\Controller->validate(Array)
#4 C:\xampp\htdocs\system\CodeIgniter.php(918): App\Controllers\User_R->register()
#5 C:\xampp\htdocs\system\CodeIgniter.php(404): CodeIgniter\CodeIgniter->runController(Object(App\Controllers\User_R))
#6 C:\xampp\htdocs\system\CodeIgniter.php(312): CodeIgniter\CodeIgniter->handleRequest(NULL, Object(Config\Cache), false)
#7 C:\xampp\htdocs\public\index.php(45): CodeIgniter\CodeIgniter->run()
#8 {main}
CRITICAL - 2020-10-19 02:01:29 --> Male is not a valid rule.
#0 C:\xampp\htdocs\system\Validation\Validation.php(333): CodeIgniter\Validation\Exceptions\ValidationException::forRuleNotFound('Male')
#1 C:\xampp\htdocs\system\Validation\Validation.php(189): CodeIgniter\Validation\Validation->processRules('gender', 'gender', 'Choose Gender', Array, Array)
#2 C:\xampp\htdocs\system\Controller.php(219): CodeIgniter\Validation\Validation->run()
#3 C:\xampp\htdocs\app\Controllers\User_R.php(64): CodeIgniter\Controller->validate(Array)
#4 C:\xampp\htdocs\system\CodeIgniter.php(918): App\Controllers\User_R->register()
#5 C:\xampp\htdocs\system\CodeIgniter.php(404): CodeIgniter\CodeIgniter->runController(Object(App\Controllers\User_R))
#6 C:\xampp\htdocs\system\CodeIgniter.php(312): CodeIgniter\CodeIgniter->handleRequest(NULL, Object(Config\Cache), false)
#7 C:\xampp\htdocs\public\index.php(45): CodeIgniter\CodeIgniter->run()
#8 {main}
CRITICAL - 2020-10-19 02:30:00 --> Call to undefined method App\Controllers\User_R::setUserSession()
#0 C:\xampp\htdocs\system\CodeIgniter.php(918): App\Controllers\User_R->index()
#1 C:\xampp\htdocs\system\CodeIgniter.php(404): CodeIgniter\CodeIgniter->runController(Object(App\Controllers\User_R))
#2 C:\xampp\htdocs\system\CodeIgniter.php(312): CodeIgniter\CodeIgniter->handleRequest(NULL, Object(Config\Cache), false)
#3 C:\xampp\htdocs\public\index.php(45): CodeIgniter\CodeIgniter->run()
#4 {main}
CRITICAL - 2020-10-19 03:30:55 --> Call to undefined method App\Controllers\User_R::setUserSession()
#0 C:\xampp\htdocs\system\CodeIgniter.php(918): App\Controllers\User_R->index()
#1 C:\xampp\htdocs\system\CodeIgniter.php(404): CodeIgniter\CodeIgniter->runController(Object(App\Controllers\User_R))
#2 C:\xampp\htdocs\system\CodeIgniter.php(312): CodeIgniter\CodeIgniter->handleRequest(NULL, Object(Config\Cache), false)
#3 C:\xampp\htdocs\public\index.php(45): CodeIgniter\CodeIgniter->run()
#4 {main}
CRITICAL - 2020-10-19 08:20:21 --> Invalid file: dashboard.php
#0 C:\xampp\htdocs\system\View\View.php(228): CodeIgniter\Exceptions\FrameworkException::forInvalidFile('dashboard.php')
#1 C:\xampp\htdocs\system\Common.php(1119): CodeIgniter\View\View->render('dashboard', Array, true)
#2 C:\xampp\htdocs\app\Controllers\Dashboard.php(10): view('dashboard')
#3 C:\xampp\htdocs\system\CodeIgniter.php(918): App\Controllers\Dashboard->index()
#4 C:\xampp\htdocs\system\CodeIgniter.php(404): CodeIgniter\CodeIgniter->runController(Object(App\Controllers\Dashboard))
#5 C:\xampp\htdocs\system\CodeIgniter.php(312): CodeIgniter\CodeIgniter->handleRequest(NULL, Object(Config\Cache), false)
#6 C:\xampp\htdocs\public\index.php(45): CodeIgniter\CodeIgniter->run()
#7 {main}
CRITICAL - 2020-10-19 08:34:15 --> syntax error, unexpected 'echo' (T_ECHO)
#0 C:\xampp\htdocs\system\Common.php(1119): CodeIgniter\View\View->render('templates/login...', Array, true)
#1 C:\xampp\htdocs\app\Views\pages\home.php(11): view('templates/login...')
#2 C:\xampp\htdocs\system\View\View.php(246): include('C:\\xampp\\htdocs...')
#3 C:\xampp\htdocs\system\Common.php(1119): CodeIgniter\View\View->render('pages/home', Array, true)
#4 C:\xampp\htdocs\app\Controllers\Pages.php(9): view('pages/home')
#5 C:\xampp\htdocs\system\CodeIgniter.php(918): App\Controllers\Pages->index()
#6 C:\xampp\htdocs\system\CodeIgniter.php(404): CodeIgniter\CodeIgniter->runController(Object(App\Controllers\Pages))
#7 C:\xampp\htdocs\system\CodeIgniter.php(312): CodeIgniter\CodeIgniter->handleRequest(NULL, Object(Config\Cache), false)
#8 C:\xampp\htdocs\public\index.php(45): CodeIgniter\CodeIgniter->run()
#9 {main}
CRITICAL - 2020-10-19 08:34:30 --> syntax error, unexpected 'echo' (T_ECHO)
#0 C:\xampp\htdocs\system\Common.php(1119): CodeIgniter\View\View->render('templates/login...', Array, true)
#1 C:\xampp\htdocs\app\Views\pages\home.php(11): view('templates/login...')
#2 C:\xampp\htdocs\system\View\View.php(246): include('C:\\xampp\\htdocs...')
#3 C:\xampp\htdocs\system\Common.php(1119): CodeIgniter\View\View->render('pages/home', Array, true)
#4 C:\xampp\htdocs\app\Controllers\Pages.php(9): view('pages/home')
#5 C:\xampp\htdocs\system\CodeIgniter.php(918): App\Controllers\Pages->index()
#6 C:\xampp\htdocs\system\CodeIgniter.php(404): CodeIgniter\CodeIgniter->runController(Object(App\Controllers\Pages))
#7 C:\xampp\htdocs\system\CodeIgniter.php(312): CodeIgniter\CodeIgniter->handleRequest(NULL, Object(Config\Cache), false)
#8 C:\xampp\htdocs\public\index.php(45): CodeIgniter\CodeIgniter->run()
#9 {main}
CRITICAL - 2020-10-19 08:34:32 --> syntax error, unexpected 'echo' (T_ECHO)
#0 C:\xampp\htdocs\system\Common.php(1119): CodeIgniter\View\View->render('templates/login...', Array, true)
#1 C:\xampp\htdocs\app\Views\pages\home.php(11): view('templates/login...')
#2 C:\xampp\htdocs\system\View\View.php(246): include('C:\\xampp\\htdocs...')
#3 C:\xampp\htdocs\system\Common.php(1119): CodeIgniter\View\View->render('pages/home', Array, true)
#4 C:\xampp\htdocs\app\Controllers\Pages.php(9): view('pages/home')
#5 C:\xampp\htdocs\system\CodeIgniter.php(918): App\Controllers\Pages->index()
#6 C:\xampp\htdocs\system\CodeIgniter.php(404): CodeIgniter\CodeIgniter->runController(Object(App\Controllers\Pages))
#7 C:\xampp\htdocs\system\CodeIgniter.php(312): CodeIgniter\CodeIgniter->handleRequest(NULL, Object(Config\Cache), false)
#8 C:\xampp\htdocs\public\index.php(45): CodeIgniter\CodeIgniter->run()
#9 {main}
CRITICAL - 2020-10-19 08:35:32 --> syntax error, unexpected 'echo' (T_ECHO)
#0 C:\xampp\htdocs\system\Common.php(1119): CodeIgniter\View\View->render('templates/login...', Array, true)
#1 C:\xampp\htdocs\app\Views\pages\home.php(11): view('templates/login...')
#2 C:\xampp\htdocs\system\View\View.php(246): include('C:\\xampp\\htdocs...')
#3 C:\xampp\htdocs\system\Common.php(1119): CodeIgniter\View\View->render('pages/home', Array, true)
#4 C:\xampp\htdocs\app\Controllers\Pages.php(9): view('pages/home')
#5 C:\xampp\htdocs\system\CodeIgniter.php(918): App\Controllers\Pages->index()
#6 C:\xampp\htdocs\system\CodeIgniter.php(404): CodeIgniter\CodeIgniter->runController(Object(App\Controllers\Pages))
#7 C:\xampp\htdocs\system\CodeIgniter.php(312): CodeIgniter\CodeIgniter->handleRequest(NULL, Object(Config\Cache), false)
#8 C:\xampp\htdocs\public\index.php(45): CodeIgniter\CodeIgniter->run()
#9 {main}
CRITICAL - 2020-10-19 08:36:22 --> syntax error, unexpected 'echo' (T_ECHO)
#0 C:\xampp\htdocs\system\Common.php(1119): CodeIgniter\View\View->render('templates/login...', Array, true)
#1 C:\xampp\htdocs\app\Views\pages\home.php(11): view('templates/login...')
#2 C:\xampp\htdocs\system\View\View.php(246): include('C:\\xampp\\htdocs...')
#3 C:\xampp\htdocs\system\Common.php(1119): CodeIgniter\View\View->render('pages/home', Array, true)
#4 C:\xampp\htdocs\app\Controllers\Pages.php(9): view('pages/home')
#5 C:\xampp\htdocs\system\CodeIgniter.php(918): App\Controllers\Pages->index()
#6 C:\xampp\htdocs\system\CodeIgniter.php(404): CodeIgniter\CodeIgniter->runController(Object(App\Controllers\Pages))
#7 C:\xampp\htdocs\system\CodeIgniter.php(312): CodeIgniter\CodeIgniter->handleRequest(NULL, Object(Config\Cache), false)
#8 C:\xampp\htdocs\public\index.php(45): CodeIgniter\CodeIgniter->run()
#9 {main}
CRITICAL - 2020-10-19 08:38:20 --> syntax error, unexpected '}', expecting ';' or ','
#0 C:\xampp\htdocs\system\Common.php(1119): CodeIgniter\View\View->render('templates/login...', Array, true)
#1 C:\xampp\htdocs\app\Views\pages\home.php(11): view('templates/login...')
#2 C:\xampp\htdocs\system\View\View.php(246): include('C:\\xampp\\htdocs...')
#3 C:\xampp\htdocs\system\Common.php(1119): CodeIgniter\View\View->render('pages/home', Array, true)
#4 C:\xampp\htdocs\app\Controllers\Pages.php(9): view('pages/home')
#5 C:\xampp\htdocs\system\CodeIgniter.php(918): App\Controllers\Pages->index()
#6 C:\xampp\htdocs\system\CodeIgniter.php(404): CodeIgniter\CodeIgniter->runController(Object(App\Controllers\Pages))
#7 C:\xampp\htdocs\system\CodeIgniter.php(312): CodeIgniter\CodeIgniter->handleRequest(NULL, Object(Config\Cache), false)
#8 C:\xampp\htdocs\public\index.php(45): CodeIgniter\CodeIgniter->run()
#9 {main}
CRITICAL - 2020-10-19 08:39:12 --> syntax error, unexpected '<'
#0 C:\xampp\htdocs\system\Common.php(1119): CodeIgniter\View\View->render('templates/login...', Array, true)
#1 C:\xampp\htdocs\app\Views\pages\home.php(11): view('templates/login...')
#2 C:\xampp\htdocs\system\View\View.php(246): include('C:\\xampp\\htdocs...')
#3 C:\xampp\htdocs\system\Common.php(1119): CodeIgniter\View\View->render('pages/home', Array, true)
#4 C:\xampp\htdocs\app\Controllers\Pages.php(9): view('pages/home')
#5 C:\xampp\htdocs\system\CodeIgniter.php(918): App\Controllers\Pages->index()
#6 C:\xampp\htdocs\system\CodeIgniter.php(404): CodeIgniter\CodeIgniter->runController(Object(App\Controllers\Pages))
#7 C:\xampp\htdocs\system\CodeIgniter.php(312): CodeIgniter\CodeIgniter->handleRequest(NULL, Object(Config\Cache), false)
#8 C:\xampp\htdocs\public\index.php(45): CodeIgniter\CodeIgniter->run()
#9 {main}
CRITICAL - 2020-10-19 08:39:33 --> syntax error, unexpected '<'
#0 C:\xampp\htdocs\system\Common.php(1119): CodeIgniter\View\View->render('templates/login...', Array, true)
#1 C:\xampp\htdocs\app\Views\pages\home.php(11): view('templates/login...')
#2 C:\xampp\htdocs\system\View\View.php(246): include('C:\\xampp\\htdocs...')
#3 C:\xampp\htdocs\system\Common.php(1119): CodeIgniter\View\View->render('pages/home', Array, true)
#4 C:\xampp\htdocs\app\Controllers\Pages.php(9): view('pages/home')
#5 C:\xampp\htdocs\system\CodeIgniter.php(918): App\Controllers\Pages->index()
#6 C:\xampp\htdocs\system\CodeIgniter.php(404): CodeIgniter\CodeIgniter->runController(Object(App\Controllers\Pages))
#7 C:\xampp\htdocs\system\CodeIgniter.php(312): CodeIgniter\CodeIgniter->handleRequest(NULL, Object(Config\Cache), false)
#8 C:\xampp\htdocs\public\index.php(45): CodeIgniter\CodeIgniter->run()
#9 {main}
CRITICAL - 2020-10-19 08:40:06 --> Use of undefined constant name - assumed 'name' (this will throw an Error in a future version of PHP)
#0 C:\xampp\htdocs\app\Views\templates\loginsection.php(9): CodeIgniter\Debug\Exceptions->errorHandler(2, 'Use of undefine...', 'C:\\xampp\\htdocs...', 9, Array)
#1 C:\xampp\htdocs\system\View\View.php(246): include('C:\\xampp\\htdocs...')
#2 C:\xampp\htdocs\system\Common.php(1119): CodeIgniter\View\View->render('templates/login...', Array, true)
#3 C:\xampp\htdocs\app\Views\pages\home.php(11): view('templates/login...')
#4 C:\xampp\htdocs\system\View\View.php(246): include('C:\\xampp\\htdocs...')
#5 C:\xampp\htdocs\system\Common.php(1119): CodeIgniter\View\View->render('pages/home', Array, true)
#6 C:\xampp\htdocs\app\Controllers\Pages.php(9): view('pages/home')
#7 C:\xampp\htdocs\system\CodeIgniter.php(918): App\Controllers\Pages->index()
#8 C:\xampp\htdocs\system\CodeIgniter.php(404): CodeIgniter\CodeIgniter->runController(Object(App\Controllers\Pages))
#9 C:\xampp\htdocs\system\CodeIgniter.php(312): CodeIgniter\CodeIgniter->handleRequest(NULL, Object(Config\Cache), false)
#10 C:\xampp\htdocs\public\index.php(45): CodeIgniter\CodeIgniter->run()
#11 {main}
CRITICAL - 2020-10-19 08:40:19 --> Undefined variable: data
#0 C:\xampp\htdocs\app\Views\templates\loginsection.php(9): CodeIgniter\Debug\Exceptions->errorHandler(8, 'Undefined varia...', 'C:\\xampp\\htdocs...', 9, Array)
#1 C:\xampp\htdocs\system\View\View.php(246): include('C:\\xampp\\htdocs...')
#2 C:\xampp\htdocs\system\Common.php(1119): CodeIgniter\View\View->render('templates/login...', Array, true)
#3 C:\xampp\htdocs\app\Views\pages\home.php(11): view('templates/login...')
#4 C:\xampp\htdocs\system\View\View.php(246): include('C:\\xampp\\htdocs...')
#5 C:\xampp\htdocs\system\Common.php(1119): CodeIgniter\View\View->render('pages/home', Array, true)
#6 C:\xampp\htdocs\app\Controllers\Pages.php(9): view('pages/home')
#7 C:\xampp\htdocs\system\CodeIgniter.php(918): App\Controllers\Pages->index()
#8 C:\xampp\htdocs\system\CodeIgniter.php(404): CodeIgniter\CodeIgniter->runController(Object(App\Controllers\Pages))
#9 C:\xampp\htdocs\system\CodeIgniter.php(312): CodeIgniter\CodeIgniter->handleRequest(NULL, Object(Config\Cache), false)
#10 C:\xampp\htdocs\public\index.php(45): CodeIgniter\CodeIgniter->run()
#11 {main}
CRITICAL - 2020-10-19 08:40:32 --> Cannot use [] for reading
#0 [internal function]: CodeIgniter\Debug\Exceptions->shutdownHandler()
#1 {main}
CRITICAL - 2020-10-19 08:40:43 --> Undefined variable: data
#0 C:\xampp\htdocs\app\Views\templates\loginsection.php(9): CodeIgniter\Debug\Exceptions->errorHandler(8, 'Undefined varia...', 'C:\\xampp\\htdocs...', 9, Array)
#1 C:\xampp\htdocs\system\View\View.php(246): include('C:\\xampp\\htdocs...')
#2 C:\xampp\htdocs\system\Common.php(1119): CodeIgniter\View\View->render('templates/login...', Array, true)
#3 C:\xampp\htdocs\app\Views\pages\home.php(11): view('templates/login...')
#4 C:\xampp\htdocs\system\View\View.php(246): include('C:\\xampp\\htdocs...')
#5 C:\xampp\htdocs\system\Common.php(1119): CodeIgniter\View\View->render('pages/home', Array, true)
#6 C:\xampp\htdocs\app\Controllers\Pages.php(9): view('pages/home')
#7 C:\xampp\htdocs\system\CodeIgniter.php(918): App\Controllers\Pages->index()
#8 C:\xampp\htdocs\system\CodeIgniter.php(404): CodeIgniter\CodeIgniter->runController(Object(App\Controllers\Pages))
#9 C:\xampp\htdocs\system\CodeIgniter.php(312): CodeIgniter\CodeIgniter->handleRequest(NULL, Object(Config\Cache), false)
#10 C:\xampp\htdocs\public\index.php(45): CodeIgniter\CodeIgniter->run()
#11 {main}
CRITICAL - 2020-10-19 08:40:51 --> Undefined variable: name
#0 C:\xampp\htdocs\app\Views\templates\loginsection.php(9): CodeIgniter\Debug\Exceptions->errorHandler(8, 'Undefined varia...', 'C:\\xampp\\htdocs...', 9, Array)
#1 C:\xampp\htdocs\system\View\View.php(246): include('C:\\xampp\\htdocs...')
#2 C:\xampp\htdocs\system\Common.php(1119): CodeIgniter\View\View->render('templates/login...', Array, true)
#3 C:\xampp\htdocs\app\Views\pages\home.php(11): view('templates/login...')
#4 C:\xampp\htdocs\system\View\View.php(246): include('C:\\xampp\\htdocs...')
#5 C:\xampp\htdocs\system\Common.php(1119): CodeIgniter\View\View->render('pages/home', Array, true)
#6 C:\xampp\htdocs\app\Controllers\Pages.php(9): view('pages/home')
#7 C:\xampp\htdocs\system\CodeIgniter.php(918): App\Controllers\Pages->index()
#8 C:\xampp\htdocs\system\CodeIgniter.php(404): CodeIgniter\CodeIgniter->runController(Object(App\Controllers\Pages))
#9 C:\xampp\htdocs\system\CodeIgniter.php(312): CodeIgniter\CodeIgniter->handleRequest(NULL, Object(Config\Cache), false)
#10 C:\xampp\htdocs\public\index.php(45): CodeIgniter\CodeIgniter->run()
#11 {main}
CRITICAL - 2020-10-19 08:41:07 --> syntax error, unexpected '<'
#0 C:\xampp\htdocs\system\Common.php(1119): CodeIgniter\View\View->render('templates/login...', Array, true)
#1 C:\xampp\htdocs\app\Views\pages\home.php(11): view('templates/login...')
#2 C:\xampp\htdocs\system\View\View.php(246): include('C:\\xampp\\htdocs...')
#3 C:\xampp\htdocs\system\Common.php(1119): CodeIgniter\View\View->render('pages/home', Array, true)
#4 C:\xampp\htdocs\app\Controllers\Pages.php(9): view('pages/home')
#5 C:\xampp\htdocs\system\CodeIgniter.php(918): App\Controllers\Pages->index()
#6 C:\xampp\htdocs\system\CodeIgniter.php(404): CodeIgniter\CodeIgniter->runController(Object(App\Controllers\Pages))
#7 C:\xampp\htdocs\system\CodeIgniter.php(312): CodeIgniter\CodeIgniter->handleRequest(NULL, Object(Config\Cache), false)
#8 C:\xampp\htdocs\public\index.php(45): CodeIgniter\CodeIgniter->run()
#9 {main}
CRITICAL - 2020-10-19 08:42:32 --> Call to undefined function get()
#0 C:\xampp\htdocs\system\View\View.php(246): include()
#1 C:\xampp\htdocs\system\Common.php(1119): CodeIgniter\View\View->render('templates/login...', Array, true)
#2 C:\xampp\htdocs\app\Views\pages\home.php(11): view('templates/login...')
#3 C:\xampp\htdocs\system\View\View.php(246): include('C:\\xampp\\htdocs...')
#4 C:\xampp\htdocs\system\Common.php(1119): CodeIgniter\View\View->render('pages/home', Array, true)
#5 C:\xampp\htdocs\app\Controllers\Pages.php(9): view('pages/home')
#6 C:\xampp\htdocs\system\CodeIgniter.php(918): App\Controllers\Pages->index()
#7 C:\xampp\htdocs\system\CodeIgniter.php(404): CodeIgniter\CodeIgniter->runController(Object(App\Controllers\Pages))
#8 C:\xampp\htdocs\system\CodeIgniter.php(312): CodeIgniter\CodeIgniter->handleRequest(NULL, Object(Config\Cache), false)
#9 C:\xampp\htdocs\public\index.php(45): CodeIgniter\CodeIgniter->run()
#10 {main}
CRITICAL - 2020-10-19 08:43:31 --> Use of undefined constant name - assumed 'name' (this will throw an Error in a future version of PHP)
#0 C:\xampp\htdocs\app\Views\templates\loginsection.php(5): CodeIgniter\Debug\Exceptions->errorHandler(2, 'Use of undefine...', 'C:\\xampp\\htdocs...', 5, Array)
#1 C:\xampp\htdocs\system\View\View.php(246): include('C:\\xampp\\htdocs...')
#2 C:\xampp\htdocs\system\Common.php(1119): CodeIgniter\View\View->render('templates/login...', Array, true)
#3 C:\xampp\htdocs\app\Views\pages\home.php(11): view('templates/login...')
#4 C:\xampp\htdocs\system\View\View.php(246): include('C:\\xampp\\htdocs...')
#5 C:\xampp\htdocs\system\Common.php(1119): CodeIgniter\View\View->render('pages/home', Array, true)
#6 C:\xampp\htdocs\app\Controllers\Pages.php(9): view('pages/home')
#7 C:\xampp\htdocs\system\CodeIgniter.php(918): App\Controllers\Pages->index()
#8 C:\xampp\htdocs\system\CodeIgniter.php(404): CodeIgniter\CodeIgniter->runController(Object(App\Controllers\Pages))
#9 C:\xampp\htdocs\system\CodeIgniter.php(312): CodeIgniter\CodeIgniter->handleRequest(NULL, Object(Config\Cache), false)
#10 C:\xampp\htdocs\public\index.php(45): CodeIgniter\CodeIgniter->run()
#11 {main}
CRITICAL - 2020-10-19 09:01:07 --> syntax error, unexpected end of file, expecting elseif (T_ELSEIF) or else (T_ELSE) or endif (T_ENDIF)
#0 C:\xampp\htdocs\system\Common.php(1119): CodeIgniter\View\View->render('templates/heade...', Array, true)
#1 C:\xampp\htdocs\app\Controllers\Dashboard.php(9): view('templates/heade...', Array)
#2 C:\xampp\htdocs\system\CodeIgniter.php(918): App\Controllers\Dashboard->index()
#3 C:\xampp\htdocs\system\CodeIgniter.php(404): CodeIgniter\CodeIgniter->runController(Object(App\Controllers\Dashboard))
#4 C:\xampp\htdocs\system\CodeIgniter.php(312): CodeIgniter\CodeIgniter->handleRequest(NULL, Object(Config\Cache), false)
#5 C:\xampp\htdocs\public\index.php(45): CodeIgniter\CodeIgniter->run()
#6 {main}
CRITICAL - 2020-10-19 09:02:00 --> Undefined variable: uri
#0 C:\xampp\htdocs\app\Views\templates\header.php(39): CodeIgniter\Debug\Exceptions->errorHandler(8, 'Undefined varia...', 'C:\\xampp\\htdocs...', 39, Array)
#1 C:\xampp\htdocs\system\View\View.php(246): include('C:\\xampp\\htdocs...')
#2 C:\xampp\htdocs\system\Common.php(1119): CodeIgniter\View\View->render('templates/heade...', Array, true)
#3 C:\xampp\htdocs\app\Controllers\Dashboard.php(9): view('templates/heade...', Array)
#4 C:\xampp\htdocs\system\CodeIgniter.php(918): App\Controllers\Dashboard->index()
#5 C:\xampp\htdocs\system\CodeIgniter.php(404): CodeIgniter\CodeIgniter->runController(Object(App\Controllers\Dashboard))
#6 C:\xampp\htdocs\system\CodeIgniter.php(312): CodeIgniter\CodeIgniter->handleRequest(NULL, Object(Config\Cache), false)
#7 C:\xampp\htdocs\public\index.php(45): CodeIgniter\CodeIgniter->run()
#8 {main}
CRITICAL - 2020-10-19 23:56:32 --> syntax error, unexpected 'public' (T_PUBLIC), expecting end of file
#0 C:\xampp\htdocs\system\Autoloader\Autoloader.php(296): CodeIgniter\Autoloader\Autoloader->requireFile('C:\\xampp\\htdocs...')
#1 C:\xampp\htdocs\system\Autoloader\Autoloader.php(258): CodeIgniter\Autoloader\Autoloader->loadInNamespace('App\\Controllers...')
#2 [internal function]: CodeIgniter\Autoloader\Autoloader->loadClass('App\\Controllers...')
#3 [internal function]: spl_autoload_call('App\\Controllers...')
#4 C:\xampp\htdocs\system\CodeIgniter.php(869): class_exists('\\App\\Controller...', true)
#5 C:\xampp\htdocs\system\CodeIgniter.php(394): CodeIgniter\CodeIgniter->startController()
#6 C:\xampp\htdocs\system\CodeIgniter.php(312): CodeIgniter\CodeIgniter->handleRequest(NULL, Object(Config\Cache), false)
#7 C:\xampp\htdocs\public\index.php(45): CodeIgniter\CodeIgniter->run()
#8 {main}
CRITICAL - 2020-10-19 23:57:09 --> syntax error, unexpected 'public' (T_PUBLIC), expecting end of file
#0 C:\xampp\htdocs\system\Autoloader\Autoloader.php(296): CodeIgniter\Autoloader\Autoloader->requireFile('C:\\xampp\\htdocs...')
#1 C:\xampp\htdocs\system\Autoloader\Autoloader.php(258): CodeIgniter\Autoloader\Autoloader->loadInNamespace('App\\Controllers...')
#2 [internal function]: CodeIgniter\Autoloader\Autoloader->loadClass('App\\Controllers...')
#3 [internal function]: spl_autoload_call('App\\Controllers...')
#4 C:\xampp\htdocs\system\CodeIgniter.php(869): class_exists('\\App\\Controller...', true)
#5 C:\xampp\htdocs\system\CodeIgniter.php(394): CodeIgniter\CodeIgniter->startController()
#6 C:\xampp\htdocs\system\CodeIgniter.php(312): CodeIgniter\CodeIgniter->handleRequest(NULL, Object(Config\Cache), false)
#7 C:\xampp\htdocs\public\index.php(45): CodeIgniter\CodeIgniter->run()
#8 {main}
