CRITICAL - 2020-10-21 00:29:02 --> syntax error, unexpected 'text' (T_STRING), expecting ';' or ','
#0 C:\xampp\htdocs\system\Common.php(1119): CodeIgniter\View\View->render('templates/login...', Array, true)
#1 C:\xampp\htdocs\app\Views\pages\home.php(11): view('templates/login...')
#2 C:\xampp\htdocs\system\View\View.php(246): include('C:\\xampp\\htdocs...')
#3 C:\xampp\htdocs\system\Common.php(1119): CodeIgniter\View\View->render('pages/home', Array, true)
#4 C:\xampp\htdocs\app\Controllers\Pages.php(10): view('pages/home')
#5 C:\xampp\htdocs\system\CodeIgniter.php(918): App\Controllers\Pages->index()
#6 C:\xampp\htdocs\system\CodeIgniter.php(404): CodeIgniter\CodeIgniter->runController(Object(App\Controllers\Pages))
#7 C:\xampp\htdocs\system\CodeIgniter.php(312): CodeIgniter\CodeIgniter->handleRequest(NULL, Object(Config\Cache), false)
#8 C:\xampp\htdocs\public\index.php(45): CodeIgniter\CodeIgniter->run()
#9 {main}
CRITICAL - 2020-10-21 01:09:01 --> Trying to access array offset on value of type null
#0 C:\xampp\htdocs\app\Views\hpages\hprofile.php(29): CodeIgniter\Debug\Exceptions->errorHandler(8, 'Trying to acces...', 'C:\\xampp\\htdocs...', 29, Array)
#1 C:\xampp\htdocs\system\View\View.php(246): include('C:\\xampp\\htdocs...')
#2 C:\xampp\htdocs\system\Common.php(1119): CodeIgniter\View\View->render('hpages/hprofile', Array, true)
#3 C:\xampp\htdocs\app\Controllers\Hospital.php(139): view('hpages/hprofile')
#4 C:\xampp\htdocs\system\CodeIgniter.php(918): App\Controllers\Hospital->hprofile()
#5 C:\xampp\htdocs\system\CodeIgniter.php(404): CodeIgniter\CodeIgniter->runController(Object(App\Controllers\Hospital))
#6 C:\xampp\htdocs\system\CodeIgniter.php(312): CodeIgniter\CodeIgniter->handleRequest(NULL, Object(Config\Cache), false)
#7 C:\xampp\htdocs\public\index.php(45): CodeIgniter\CodeIgniter->run()
#8 {main}
CRITICAL - 2020-10-21 01:19:16 --> Trying to access array offset on value of type null
#0 C:\xampp\htdocs\app\Controllers\Hospital.php(47): CodeIgniter\Debug\Exceptions->errorHandler(8, 'Trying to acces...', 'C:\\xampp\\htdocs...', 47, Array)
#1 C:\xampp\htdocs\app\Controllers\Hospital.php(34): App\Controllers\Hospital->setUserSession(NULL)
#2 C:\xampp\htdocs\system\CodeIgniter.php(918): App\Controllers\Hospital->index()
#3 C:\xampp\htdocs\system\CodeIgniter.php(404): CodeIgniter\CodeIgniter->runController(Object(App\Controllers\Hospital))
#4 C:\xampp\htdocs\system\CodeIgniter.php(312): CodeIgniter\CodeIgniter->handleRequest(NULL, Object(Config\Cache), false)
#5 C:\xampp\htdocs\public\index.php(45): CodeIgniter\CodeIgniter->run()
#6 {main}
CRITICAL - 2020-10-21 01:31:48 --> Trying to access array offset on value of type null
#0 C:\xampp\htdocs\app\Controllers\Hospital.php(47): CodeIgniter\Debug\Exceptions->errorHandler(8, 'Trying to acces...', 'C:\\xampp\\htdocs...', 47, Array)
#1 C:\xampp\htdocs\app\Controllers\Hospital.php(34): App\Controllers\Hospital->setUserSession(NULL)
#2 C:\xampp\htdocs\system\CodeIgniter.php(918): App\Controllers\Hospital->index()
#3 C:\xampp\htdocs\system\CodeIgniter.php(404): CodeIgniter\CodeIgniter->runController(Object(App\Controllers\Hospital))
#4 C:\xampp\htdocs\system\CodeIgniter.php(312): CodeIgniter\CodeIgniter->handleRequest(NULL, Object(Config\Cache), false)
#5 C:\xampp\htdocs\public\index.php(45): CodeIgniter\CodeIgniter->run()
#6 {main}
CRITICAL - 2020-10-21 01:33:05 --> Trying to access array offset on value of type null
#0 C:\xampp\htdocs\app\Controllers\Hospital.php(47): CodeIgniter\Debug\Exceptions->errorHandler(8, 'Trying to acces...', 'C:\\xampp\\htdocs...', 47, Array)
#1 C:\xampp\htdocs\app\Controllers\Hospital.php(34): App\Controllers\Hospital->setUserSession(NULL)
#2 C:\xampp\htdocs\system\CodeIgniter.php(918): App\Controllers\Hospital->index()
#3 C:\xampp\htdocs\system\CodeIgniter.php(404): CodeIgniter\CodeIgniter->runController(Object(App\Controllers\Hospital))
#4 C:\xampp\htdocs\system\CodeIgniter.php(312): CodeIgniter\CodeIgniter->handleRequest(NULL, Object(Config\Cache), false)
#5 C:\xampp\htdocs\public\index.php(45): CodeIgniter\CodeIgniter->run()
#6 {main}
CRITICAL - 2020-10-21 03:10:52 --> syntax error, unexpected 'col' (T_STRING), expecting ';' or ','
#0 C:\xampp\htdocs\system\Common.php(1119): CodeIgniter\View\View->render('templates/viewr...', Array, true)
#1 C:\xampp\htdocs\app\Views\templates\hdashboard.php(11): view('templates/viewr...')
#2 C:\xampp\htdocs\system\View\View.php(246): include('C:\\xampp\\htdocs...')
#3 C:\xampp\htdocs\system\Common.php(1119): CodeIgniter\View\View->render('templates/hdash...', Array, true)
#4 C:\xampp\htdocs\app\Controllers\HDashboard.php(10): view('templates/hdash...')
#5 C:\xampp\htdocs\system\CodeIgniter.php(918): App\Controllers\HDashboard->index()
#6 C:\xampp\htdocs\system\CodeIgniter.php(404): CodeIgniter\CodeIgniter->runController(Object(App\Controllers\HDashboard))
#7 C:\xampp\htdocs\system\CodeIgniter.php(312): CodeIgniter\CodeIgniter->handleRequest(NULL, Object(Config\Cache), false)
#8 C:\xampp\htdocs\public\index.php(45): CodeIgniter\CodeIgniter->run()
#9 {main}
CRITICAL - 2020-10-21 03:20:25 --> Invalid file: templates/makereq.php
#0 C:\xampp\htdocs\system\View\View.php(228): CodeIgniter\Exceptions\FrameworkException::forInvalidFile('templates/maker...')
#1 C:\xampp\htdocs\system\Common.php(1119): CodeIgniter\View\View->render('templates/maker...', Array, true)
#2 C:\xampp\htdocs\app\Views\templates\dashboard.php(11): view('templates/maker...')
#3 C:\xampp\htdocs\system\View\View.php(246): include('C:\\xampp\\htdocs...')
#4 C:\xampp\htdocs\system\Common.php(1119): CodeIgniter\View\View->render('templates/dashb...', Array, true)
#5 C:\xampp\htdocs\app\Controllers\Dashboard.php(10): view('templates/dashb...')
#6 C:\xampp\htdocs\system\CodeIgniter.php(918): App\Controllers\Dashboard->index()
#7 C:\xampp\htdocs\system\CodeIgniter.php(404): CodeIgniter\CodeIgniter->runController(Object(App\Controllers\Dashboard))
#8 C:\xampp\htdocs\system\CodeIgniter.php(312): CodeIgniter\CodeIgniter->handleRequest(NULL, Object(Config\Cache), false)
#9 C:\xampp\htdocs\public\index.php(45): CodeIgniter\CodeIgniter->run()
#10 {main}
CRITICAL - 2020-10-21 03:24:39 --> syntax error, unexpected '' (T_ENCAPSED_AND_WHITESPACE), expecting '-' or identifier (T_STRING) or variable (T_VARIABLE) or number (T_NUM_STRING)
#0 C:\xampp\htdocs\system\Common.php(1119): CodeIgniter\View\View->render('templates/viewr...', Array, true)
#1 C:\xampp\htdocs\app\Views\templates\hdashboard.php(11): view('templates/viewr...')
#2 C:\xampp\htdocs\system\View\View.php(246): include('C:\\xampp\\htdocs...')
#3 C:\xampp\htdocs\system\Common.php(1119): CodeIgniter\View\View->render('templates/hdash...', Array, true)
#4 C:\xampp\htdocs\app\Controllers\HDashboard.php(10): view('templates/hdash...')
#5 C:\xampp\htdocs\system\CodeIgniter.php(918): App\Controllers\HDashboard->index()
#6 C:\xampp\htdocs\system\CodeIgniter.php(404): CodeIgniter\CodeIgniter->runController(Object(App\Controllers\HDashboard))
#7 C:\xampp\htdocs\system\CodeIgniter.php(312): CodeIgniter\CodeIgniter->handleRequest(NULL, Object(Config\Cache), false)
#8 C:\xampp\htdocs\public\index.php(45): CodeIgniter\CodeIgniter->run()
#9 {main}
CRITICAL - 2020-10-21 03:25:06 --> syntax error, unexpected '' (T_ENCAPSED_AND_WHITESPACE), expecting '-' or identifier (T_STRING) or variable (T_VARIABLE) or number (T_NUM_STRING)
#0 C:\xampp\htdocs\system\Common.php(1119): CodeIgniter\View\View->render('templates/viewr...', Array, true)
#1 C:\xampp\htdocs\app\Views\templates\hdashboard.php(11): view('templates/viewr...')
#2 C:\xampp\htdocs\system\View\View.php(246): include('C:\\xampp\\htdocs...')
#3 C:\xampp\htdocs\system\Common.php(1119): CodeIgniter\View\View->render('templates/hdash...', Array, true)
#4 C:\xampp\htdocs\app\Controllers\HDashboard.php(10): view('templates/hdash...')
#5 C:\xampp\htdocs\system\CodeIgniter.php(918): App\Controllers\HDashboard->index()
#6 C:\xampp\htdocs\system\CodeIgniter.php(404): CodeIgniter\CodeIgniter->runController(Object(App\Controllers\HDashboard))
#7 C:\xampp\htdocs\system\CodeIgniter.php(312): CodeIgniter\CodeIgniter->handleRequest(NULL, Object(Config\Cache), false)
#8 C:\xampp\htdocs\public\index.php(45): CodeIgniter\CodeIgniter->run()
#9 {main}
CRITICAL - 2020-10-21 03:25:36 --> Undefined variable: user
#0 C:\xampp\htdocs\app\Views\templates\viewreq.php(10): CodeIgniter\Debug\Exceptions->errorHandler(8, 'Undefined varia...', 'C:\\xampp\\htdocs...', 10, Array)
#1 C:\xampp\htdocs\system\View\View.php(246): include('C:\\xampp\\htdocs...')
#2 C:\xampp\htdocs\system\Common.php(1119): CodeIgniter\View\View->render('templates/viewr...', Array, true)
#3 C:\xampp\htdocs\app\Views\templates\hdashboard.php(11): view('templates/viewr...')
#4 C:\xampp\htdocs\system\View\View.php(246): include('C:\\xampp\\htdocs...')
#5 C:\xampp\htdocs\system\Common.php(1119): CodeIgniter\View\View->render('templates/hdash...', Array, true)
#6 C:\xampp\htdocs\app\Controllers\HDashboard.php(10): view('templates/hdash...')
#7 C:\xampp\htdocs\system\CodeIgniter.php(918): App\Controllers\HDashboard->index()
#8 C:\xampp\htdocs\system\CodeIgniter.php(404): CodeIgniter\CodeIgniter->runController(Object(App\Controllers\HDashboard))
#9 C:\xampp\htdocs\system\CodeIgniter.php(312): CodeIgniter\CodeIgniter->handleRequest(NULL, Object(Config\Cache), false)
#10 C:\xampp\htdocs\public\index.php(45): CodeIgniter\CodeIgniter->run()
#11 {main}
CRITICAL - 2020-10-21 03:25:54 --> Undefined variable: data
#0 C:\xampp\htdocs\app\Views\templates\viewreq.php(10): CodeIgniter\Debug\Exceptions->errorHandler(8, 'Undefined varia...', 'C:\\xampp\\htdocs...', 10, Array)
#1 C:\xampp\htdocs\system\View\View.php(246): include('C:\\xampp\\htdocs...')
#2 C:\xampp\htdocs\system\Common.php(1119): CodeIgniter\View\View->render('templates/viewr...', Array, true)
#3 C:\xampp\htdocs\app\Views\templates\hdashboard.php(11): view('templates/viewr...')
#4 C:\xampp\htdocs\system\View\View.php(246): include('C:\\xampp\\htdocs...')
#5 C:\xampp\htdocs\system\Common.php(1119): CodeIgniter\View\View->render('templates/hdash...', Array, true)
#6 C:\xampp\htdocs\app\Controllers\HDashboard.php(10): view('templates/hdash...')
#7 C:\xampp\htdocs\system\CodeIgniter.php(918): App\Controllers\HDashboard->index()
#8 C:\xampp\htdocs\system\CodeIgniter.php(404): CodeIgniter\CodeIgniter->runController(Object(App\Controllers\HDashboard))
#9 C:\xampp\htdocs\system\CodeIgniter.php(312): CodeIgniter\CodeIgniter->handleRequest(NULL, Object(Config\Cache), false)
#10 C:\xampp\htdocs\public\index.php(45): CodeIgniter\CodeIgniter->run()
#11 {main}
CRITICAL - 2020-10-21 03:27:30 --> Undefined variable: user
#0 C:\xampp\htdocs\app\Views\templates\hdashboard.php(11): CodeIgniter\Debug\Exceptions->errorHandler(8, 'Undefined varia...', 'C:\\xampp\\htdocs...', 11, Array)
#1 C:\xampp\htdocs\system\View\View.php(246): include('C:\\xampp\\htdocs...')
#2 C:\xampp\htdocs\system\Common.php(1119): CodeIgniter\View\View->render('templates/hdash...', Array, true)
#3 C:\xampp\htdocs\app\Controllers\HDashboard.php(10): view('templates/hdash...')
#4 C:\xampp\htdocs\system\CodeIgniter.php(918): App\Controllers\HDashboard->index()
#5 C:\xampp\htdocs\system\CodeIgniter.php(404): CodeIgniter\CodeIgniter->runController(Object(App\Controllers\HDashboard))
#6 C:\xampp\htdocs\system\CodeIgniter.php(312): CodeIgniter\CodeIgniter->handleRequest(NULL, Object(Config\Cache), false)
#7 C:\xampp\htdocs\public\index.php(45): CodeIgniter\CodeIgniter->run()
#8 {main}
CRITICAL - 2020-10-21 03:30:48 --> Undefined variable: data
#0 C:\xampp\htdocs\app\Views\templates\viewreq.php(10): CodeIgniter\Debug\Exceptions->errorHandler(8, 'Undefined varia...', 'C:\\xampp\\htdocs...', 10, Array)
#1 C:\xampp\htdocs\system\View\View.php(246): include('C:\\xampp\\htdocs...')
#2 C:\xampp\htdocs\system\Common.php(1119): CodeIgniter\View\View->render('templates/viewr...', Array, true)
#3 C:\xampp\htdocs\app\Views\templates\hdashboard.php(11): view('templates/viewr...')
#4 C:\xampp\htdocs\system\View\View.php(246): include('C:\\xampp\\htdocs...')
#5 C:\xampp\htdocs\system\Common.php(1119): CodeIgniter\View\View->render('templates/hdash...', Array, true)
#6 C:\xampp\htdocs\app\Controllers\HDashboard.php(10): view('templates/hdash...')
#7 C:\xampp\htdocs\system\CodeIgniter.php(918): App\Controllers\HDashboard->index()
#8 C:\xampp\htdocs\system\CodeIgniter.php(404): CodeIgniter\CodeIgniter->runController(Object(App\Controllers\HDashboard))
#9 C:\xampp\htdocs\system\CodeIgniter.php(312): CodeIgniter\CodeIgniter->handleRequest(NULL, Object(Config\Cache), false)
#10 C:\xampp\htdocs\public\index.php(45): CodeIgniter\CodeIgniter->run()
#11 {main}
CRITICAL - 2020-10-21 03:30:57 --> Undefined variable: user
#0 C:\xampp\htdocs\app\Views\templates\viewreq.php(10): CodeIgniter\Debug\Exceptions->errorHandler(8, 'Undefined varia...', 'C:\\xampp\\htdocs...', 10, Array)
#1 C:\xampp\htdocs\system\View\View.php(246): include('C:\\xampp\\htdocs...')
#2 C:\xampp\htdocs\system\Common.php(1119): CodeIgniter\View\View->render('templates/viewr...', Array, true)
#3 C:\xampp\htdocs\app\Views\templates\hdashboard.php(11): view('templates/viewr...')
#4 C:\xampp\htdocs\system\View\View.php(246): include('C:\\xampp\\htdocs...')
#5 C:\xampp\htdocs\system\Common.php(1119): CodeIgniter\View\View->render('templates/hdash...', Array, true)
#6 C:\xampp\htdocs\app\Controllers\HDashboard.php(10): view('templates/hdash...')
#7 C:\xampp\htdocs\system\CodeIgniter.php(918): App\Controllers\HDashboard->index()
#8 C:\xampp\htdocs\system\CodeIgniter.php(404): CodeIgniter\CodeIgniter->runController(Object(App\Controllers\HDashboard))
#9 C:\xampp\htdocs\system\CodeIgniter.php(312): CodeIgniter\CodeIgniter->handleRequest(NULL, Object(Config\Cache), false)
#10 C:\xampp\htdocs\public\index.php(45): CodeIgniter\CodeIgniter->run()
#11 {main}
CRITICAL - 2020-10-21 03:34:44 --> Undefined variable: user
#0 C:\xampp\htdocs\app\Views\templates\viewreq.php(10): CodeIgniter\Debug\Exceptions->errorHandler(8, 'Undefined varia...', 'C:\\xampp\\htdocs...', 10, Array)
#1 C:\xampp\htdocs\system\View\View.php(246): include('C:\\xampp\\htdocs...')
#2 C:\xampp\htdocs\system\Common.php(1119): CodeIgniter\View\View->render('templates/viewr...', Array, true)
#3 C:\xampp\htdocs\app\Controllers\Dashboard.php(20): view('templates/viewr...')
#4 C:\xampp\htdocs\system\CodeIgniter.php(918): App\Controllers\Dashboard->hdashboard()
#5 C:\xampp\htdocs\system\CodeIgniter.php(404): CodeIgniter\CodeIgniter->runController(Object(App\Controllers\Dashboard))
#6 C:\xampp\htdocs\system\CodeIgniter.php(312): CodeIgniter\CodeIgniter->handleRequest(NULL, Object(Config\Cache), false)
#7 C:\xampp\htdocs\public\index.php(45): CodeIgniter\CodeIgniter->run()
#8 {main}
CRITICAL - 2020-10-21 03:34:52 --> Undefined variable: data
#0 C:\xampp\htdocs\app\Views\templates\viewreq.php(10): CodeIgniter\Debug\Exceptions->errorHandler(8, 'Undefined varia...', 'C:\\xampp\\htdocs...', 10, Array)
#1 C:\xampp\htdocs\system\View\View.php(246): include('C:\\xampp\\htdocs...')
#2 C:\xampp\htdocs\system\Common.php(1119): CodeIgniter\View\View->render('templates/viewr...', Array, true)
#3 C:\xampp\htdocs\app\Controllers\Dashboard.php(20): view('templates/viewr...')
#4 C:\xampp\htdocs\system\CodeIgniter.php(918): App\Controllers\Dashboard->hdashboard()
#5 C:\xampp\htdocs\system\CodeIgniter.php(404): CodeIgniter\CodeIgniter->runController(Object(App\Controllers\Dashboard))
#6 C:\xampp\htdocs\system\CodeIgniter.php(312): CodeIgniter\CodeIgniter->handleRequest(NULL, Object(Config\Cache), false)
#7 C:\xampp\htdocs\public\index.php(45): CodeIgniter\CodeIgniter->run()
#8 {main}
CRITICAL - 2020-10-21 03:35:46 --> mysqli_fetch_array() expects parameter 1 to be mysqli_result, bool given
#0 [internal function]: CodeIgniter\Debug\Exceptions->errorHandler(2, 'mysqli_fetch_ar...', 'C:\\xampp\\htdocs...', 30, Array)
#1 C:\xampp\htdocs\app\Views\templates\viewreq.php(30): mysqli_fetch_array(false)
#2 C:\xampp\htdocs\system\View\View.php(246): include('C:\\xampp\\htdocs...')
#3 C:\xampp\htdocs\system\Common.php(1119): CodeIgniter\View\View->render('templates/viewr...', Array, true)
#4 C:\xampp\htdocs\app\Controllers\Dashboard.php(20): view('templates/viewr...')
#5 C:\xampp\htdocs\system\CodeIgniter.php(918): App\Controllers\Dashboard->hdashboard()
#6 C:\xampp\htdocs\system\CodeIgniter.php(404): CodeIgniter\CodeIgniter->runController(Object(App\Controllers\Dashboard))
#7 C:\xampp\htdocs\system\CodeIgniter.php(312): CodeIgniter\CodeIgniter->handleRequest(NULL, Object(Config\Cache), false)
#8 C:\xampp\htdocs\public\index.php(45): CodeIgniter\CodeIgniter->run()
#9 {main}
CRITICAL - 2020-10-21 03:36:08 --> mysqli_fetch_array() expects parameter 1 to be mysqli_result, bool given
#0 [internal function]: CodeIgniter\Debug\Exceptions->errorHandler(2, 'mysqli_fetch_ar...', 'C:\\xampp\\htdocs...', 30, Array)
#1 C:\xampp\htdocs\app\Views\templates\viewreq.php(30): mysqli_fetch_array(false)
#2 C:\xampp\htdocs\system\View\View.php(246): include('C:\\xampp\\htdocs...')
#3 C:\xampp\htdocs\system\Common.php(1119): CodeIgniter\View\View->render('templates/viewr...', Array, true)
#4 C:\xampp\htdocs\app\Controllers\Dashboard.php(20): view('templates/viewr...')
#5 C:\xampp\htdocs\system\CodeIgniter.php(918): App\Controllers\Dashboard->hdashboard()
#6 C:\xampp\htdocs\system\CodeIgniter.php(404): CodeIgniter\CodeIgniter->runController(Object(App\Controllers\Dashboard))
#7 C:\xampp\htdocs\system\CodeIgniter.php(312): CodeIgniter\CodeIgniter->handleRequest(NULL, Object(Config\Cache), false)
#8 C:\xampp\htdocs\public\index.php(45): CodeIgniter\CodeIgniter->run()
#9 {main}
CRITICAL - 2020-10-21 03:38:10 --> Undefined variable: data
#0 C:\xampp\htdocs\app\Views\templates\viewreq.php(10): CodeIgniter\Debug\Exceptions->errorHandler(8, 'Undefined varia...', 'C:\\xampp\\htdocs...', 10, Array)
#1 C:\xampp\htdocs\system\View\View.php(246): include('C:\\xampp\\htdocs...')
#2 C:\xampp\htdocs\system\Common.php(1119): CodeIgniter\View\View->render('templates/viewr...', Array, true)
#3 C:\xampp\htdocs\app\Controllers\Dashboard.php(20): view('templates/viewr...')
#4 C:\xampp\htdocs\system\CodeIgniter.php(918): App\Controllers\Dashboard->hdashboard()
#5 C:\xampp\htdocs\system\CodeIgniter.php(404): CodeIgniter\CodeIgniter->runController(Object(App\Controllers\Dashboard))
#6 C:\xampp\htdocs\system\CodeIgniter.php(312): CodeIgniter\CodeIgniter->handleRequest(NULL, Object(Config\Cache), false)
#7 C:\xampp\htdocs\public\index.php(45): CodeIgniter\CodeIgniter->run()
#8 {main}
CRITICAL - 2020-10-21 04:09:37 --> Undefined index: hospital
#0 C:\xampp\htdocs\app\Views\templates\makereq.php(70): CodeIgniter\Debug\Exceptions->errorHandler(8, 'Undefined index...', 'C:\\xampp\\htdocs...', 70, Array)
#1 C:\xampp\htdocs\system\View\View.php(246): include('C:\\xampp\\htdocs...')
#2 C:\xampp\htdocs\system\Common.php(1119): CodeIgniter\View\View->render('templates/maker...', Array, true)
#3 C:\xampp\htdocs\app\Views\templates\dashboard.php(11): view('templates/maker...')
#4 C:\xampp\htdocs\system\View\View.php(246): include('C:\\xampp\\htdocs...')
#5 C:\xampp\htdocs\system\Common.php(1119): CodeIgniter\View\View->render('templates/dashb...', Array, true)
#6 C:\xampp\htdocs\app\Controllers\Dashboard.php(10): view('templates/dashb...')
#7 C:\xampp\htdocs\system\CodeIgniter.php(918): App\Controllers\Dashboard->index()
#8 C:\xampp\htdocs\system\CodeIgniter.php(404): CodeIgniter\CodeIgniter->runController(Object(App\Controllers\Dashboard))
#9 C:\xampp\htdocs\system\CodeIgniter.php(312): CodeIgniter\CodeIgniter->handleRequest(NULL, Object(Config\Cache), false)
#10 C:\xampp\htdocs\public\index.php(45): CodeIgniter\CodeIgniter->run()
#11 {main}
CRITICAL - 2020-10-21 04:20:32 --> syntax error, unexpected '8' (T_LNUMBER), expecting ';' or ','
#0 C:\xampp\htdocs\system\Common.php(1119): CodeIgniter\View\View->render('templates/maker...', Array, true)
#1 C:\xampp\htdocs\app\Views\templates\dashboard.php(11): view('templates/maker...')
#2 C:\xampp\htdocs\system\View\View.php(246): include('C:\\xampp\\htdocs...')
#3 C:\xampp\htdocs\system\Common.php(1119): CodeIgniter\View\View->render('templates/dashb...', Array, true)
#4 C:\xampp\htdocs\app\Controllers\Dashboard.php(10): view('templates/dashb...')
#5 C:\xampp\htdocs\system\CodeIgniter.php(918): App\Controllers\Dashboard->index()
#6 C:\xampp\htdocs\system\CodeIgniter.php(404): CodeIgniter\CodeIgniter->runController(Object(App\Controllers\Dashboard))
#7 C:\xampp\htdocs\system\CodeIgniter.php(312): CodeIgniter\CodeIgniter->handleRequest(NULL, Object(Config\Cache), false)
#8 C:\xampp\htdocs\public\index.php(45): CodeIgniter\CodeIgniter->run()
#9 {main}
CRITICAL - 2020-10-21 11:53:18 --> Call to undefined function set_value()
#0 C:\xampp\htdocs\system\View\View.php(246): include()
#1 C:\xampp\htdocs\system\Common.php(1119): CodeIgniter\View\View->render('templates/maker...', Array, true)
#2 C:\xampp\htdocs\app\Views\templates\dashboard.php(11): view('templates/maker...')
#3 C:\xampp\htdocs\system\View\View.php(246): include('C:\\xampp\\htdocs...')
#4 C:\xampp\htdocs\system\Common.php(1119): CodeIgniter\View\View->render('templates/dashb...', Array, true)
#5 C:\xampp\htdocs\app\Controllers\Dashboard.php(10): view('templates/dashb...')
#6 C:\xampp\htdocs\system\CodeIgniter.php(918): App\Controllers\Dashboard->index()
#7 C:\xampp\htdocs\system\CodeIgniter.php(404): CodeIgniter\CodeIgniter->runController(Object(App\Controllers\Dashboard))
#8 C:\xampp\htdocs\system\CodeIgniter.php(312): CodeIgniter\CodeIgniter->handleRequest(NULL, Object(Config\Cache), false)
#9 C:\xampp\htdocs\public\index.php(45): CodeIgniter\CodeIgniter->run()
#10 {main}
CRITICAL - 2020-10-21 11:56:25 --> Call to undefined function set_value()
#0 C:\xampp\htdocs\system\View\View.php(246): include()
#1 C:\xampp\htdocs\system\Common.php(1119): CodeIgniter\View\View->render('templates/maker...', Array, true)
#2 C:\xampp\htdocs\app\Views\templates\dashboard.php(11): view('templates/maker...')
#3 C:\xampp\htdocs\system\View\View.php(246): include('C:\\xampp\\htdocs...')
#4 C:\xampp\htdocs\system\Common.php(1119): CodeIgniter\View\View->render('templates/dashb...', Array, true)
#5 C:\xampp\htdocs\app\Controllers\Dashboard.php(10): view('templates/dashb...')
#6 C:\xampp\htdocs\system\CodeIgniter.php(918): App\Controllers\Dashboard->index()
#7 C:\xampp\htdocs\system\CodeIgniter.php(404): CodeIgniter\CodeIgniter->runController(Object(App\Controllers\Dashboard))
#8 C:\xampp\htdocs\system\CodeIgniter.php(312): CodeIgniter\CodeIgniter->handleRequest(NULL, Object(Config\Cache), false)
#9 C:\xampp\htdocs\public\index.php(45): CodeIgniter\CodeIgniter->run()
#10 {main}
CRITICAL - 2020-10-21 12:12:32 --> Call to undefined function set_value()
#0 C:\xampp\htdocs\system\View\View.php(246): include()
#1 C:\xampp\htdocs\system\Common.php(1119): CodeIgniter\View\View->render('templates/maker...', Array, true)
#2 C:\xampp\htdocs\app\Views\templates\dashboard.php(11): view('templates/maker...')
#3 C:\xampp\htdocs\system\View\View.php(246): include('C:\\xampp\\htdocs...')
#4 C:\xampp\htdocs\system\Common.php(1119): CodeIgniter\View\View->render('templates/dashb...', Array, true)
#5 C:\xampp\htdocs\app\Controllers\Dashboard.php(10): view('templates/dashb...')
#6 C:\xampp\htdocs\system\CodeIgniter.php(918): App\Controllers\Dashboard->index()
#7 C:\xampp\htdocs\system\CodeIgniter.php(404): CodeIgniter\CodeIgniter->runController(Object(App\Controllers\Dashboard))
#8 C:\xampp\htdocs\system\CodeIgniter.php(312): CodeIgniter\CodeIgniter->handleRequest(NULL, Object(Config\Cache), false)
#9 C:\xampp\htdocs\public\index.php(45): CodeIgniter\CodeIgniter->run()
#10 {main}
CRITICAL - 2020-10-21 12:18:01 --> syntax error, unexpected '?>'
#0 C:\xampp\htdocs\system\Common.php(1119): CodeIgniter\View\View->render('templates/maker...', Array, true)
#1 C:\xampp\htdocs\app\Views\templates\dashboard.php(11): view('templates/maker...')
#2 C:\xampp\htdocs\system\View\View.php(246): include('C:\\xampp\\htdocs...')
#3 C:\xampp\htdocs\system\Common.php(1119): CodeIgniter\View\View->render('templates/dashb...', Array, true)
#4 C:\xampp\htdocs\app\Controllers\Dashboard.php(10): view('templates/dashb...')
#5 C:\xampp\htdocs\system\CodeIgniter.php(918): App\Controllers\Dashboard->index()
#6 C:\xampp\htdocs\system\CodeIgniter.php(404): CodeIgniter\CodeIgniter->runController(Object(App\Controllers\Dashboard))
#7 C:\xampp\htdocs\system\CodeIgniter.php(312): CodeIgniter\CodeIgniter->handleRequest(NULL, Object(Config\Cache), false)
#8 C:\xampp\htdocs\public\index.php(45): CodeIgniter\CodeIgniter->run()
#9 {main}
CRITICAL - 2020-10-21 13:41:31 --> Undefined index:  PHP_SELF 
#0 C:\xampp\htdocs\app\Views\templates\makereq.php(114): CodeIgniter\Debug\Exceptions->errorHandler(8, 'Undefined index...', 'C:\\xampp\\htdocs...', 114, Array)
#1 C:\xampp\htdocs\system\View\View.php(246): include('C:\\xampp\\htdocs...')
#2 C:\xampp\htdocs\system\Common.php(1119): CodeIgniter\View\View->render('templates/maker...', Array, true)
#3 C:\xampp\htdocs\app\Views\templates\dashboard.php(11): view('templates/maker...')
#4 C:\xampp\htdocs\system\View\View.php(246): include('C:\\xampp\\htdocs...')
#5 C:\xampp\htdocs\system\Common.php(1119): CodeIgniter\View\View->render('templates/dashb...', Array, true)
#6 C:\xampp\htdocs\app\Controllers\Dashboard.php(10): view('templates/dashb...')
#7 C:\xampp\htdocs\system\CodeIgniter.php(918): App\Controllers\Dashboard->index()
#8 C:\xampp\htdocs\system\CodeIgniter.php(404): CodeIgniter\CodeIgniter->runController(Object(App\Controllers\Dashboard))
#9 C:\xampp\htdocs\system\CodeIgniter.php(312): CodeIgniter\CodeIgniter->handleRequest(NULL, Object(Config\Cache), false)
#10 C:\xampp\htdocs\public\index.php(45): CodeIgniter\CodeIgniter->run()
#11 {main}
CRITICAL - 2020-10-21 13:53:28 --> syntax error, unexpected '""' (T_CONSTANT_ENCAPSED_STRING)
#0 C:\xampp\htdocs\system\Common.php(1119): CodeIgniter\View\View->render('templates/maker...', Array, true)
#1 C:\xampp\htdocs\app\Views\templates\dashboard.php(11): view('templates/maker...')
#2 C:\xampp\htdocs\system\View\View.php(246): include('C:\\xampp\\htdocs...')
#3 C:\xampp\htdocs\system\Common.php(1119): CodeIgniter\View\View->render('templates/dashb...', Array, true)
#4 C:\xampp\htdocs\app\Controllers\Dashboard.php(10): view('templates/dashb...')
#5 C:\xampp\htdocs\system\CodeIgniter.php(918): App\Controllers\Dashboard->index()
#6 C:\xampp\htdocs\system\CodeIgniter.php(404): CodeIgniter\CodeIgniter->runController(Object(App\Controllers\Dashboard))
#7 C:\xampp\htdocs\system\CodeIgniter.php(312): CodeIgniter\CodeIgniter->handleRequest(NULL, Object(Config\Cache), false)
#8 C:\xampp\htdocs\public\index.php(45): CodeIgniter\CodeIgniter->run()
#9 {main}
CRITICAL - 2020-10-21 13:53:41 --> Undefined index: user
#0 C:\xampp\htdocs\app\Views\templates\makereq.php(97): CodeIgniter\Debug\Exceptions->errorHandler(8, 'Undefined index...', 'C:\\xampp\\htdocs...', 97, Array)
#1 C:\xampp\htdocs\system\View\View.php(246): include('C:\\xampp\\htdocs...')
#2 C:\xampp\htdocs\system\Common.php(1119): CodeIgniter\View\View->render('templates/maker...', Array, true)
#3 C:\xampp\htdocs\app\Views\templates\dashboard.php(11): view('templates/maker...')
#4 C:\xampp\htdocs\system\View\View.php(246): include('C:\\xampp\\htdocs...')
#5 C:\xampp\htdocs\system\Common.php(1119): CodeIgniter\View\View->render('templates/dashb...', Array, true)
#6 C:\xampp\htdocs\app\Controllers\Dashboard.php(10): view('templates/dashb...')
#7 C:\xampp\htdocs\system\CodeIgniter.php(918): App\Controllers\Dashboard->index()
#8 C:\xampp\htdocs\system\CodeIgniter.php(404): CodeIgniter\CodeIgniter->runController(Object(App\Controllers\Dashboard))
#9 C:\xampp\htdocs\system\CodeIgniter.php(312): CodeIgniter\CodeIgniter->handleRequest(NULL, Object(Config\Cache), false)
#10 C:\xampp\htdocs\public\index.php(45): CodeIgniter\CodeIgniter->run()
#11 {main}
CRITICAL - 2020-10-21 13:54:43 --> Undefined index: user
#0 C:\xampp\htdocs\app\Views\templates\makereq.php(97): CodeIgniter\Debug\Exceptions->errorHandler(8, 'Undefined index...', 'C:\\xampp\\htdocs...', 97, Array)
#1 C:\xampp\htdocs\system\View\View.php(246): include('C:\\xampp\\htdocs...')
#2 C:\xampp\htdocs\system\Common.php(1119): CodeIgniter\View\View->render('templates/maker...', Array, true)
#3 C:\xampp\htdocs\app\Views\templates\dashboard.php(11): view('templates/maker...')
#4 C:\xampp\htdocs\system\View\View.php(246): include('C:\\xampp\\htdocs...')
#5 C:\xampp\htdocs\system\Common.php(1119): CodeIgniter\View\View->render('templates/dashb...', Array, true)
#6 C:\xampp\htdocs\app\Controllers\Dashboard.php(10): view('templates/dashb...')
#7 C:\xampp\htdocs\system\CodeIgniter.php(918): App\Controllers\Dashboard->index()
#8 C:\xampp\htdocs\system\CodeIgniter.php(404): CodeIgniter\CodeIgniter->runController(Object(App\Controllers\Dashboard))
#9 C:\xampp\htdocs\system\CodeIgniter.php(312): CodeIgniter\CodeIgniter->handleRequest(NULL, Object(Config\Cache), false)
#10 C:\xampp\htdocs\public\index.php(45): CodeIgniter\CodeIgniter->run()
#11 {main}
CRITICAL - 2020-10-21 13:55:25 --> Undefined index: usermob
#0 C:\xampp\htdocs\app\Views\templates\makereq.php(98): CodeIgniter\Debug\Exceptions->errorHandler(8, 'Undefined index...', 'C:\\xampp\\htdocs...', 98, Array)
#1 C:\xampp\htdocs\system\View\View.php(246): include('C:\\xampp\\htdocs...')
#2 C:\xampp\htdocs\system\Common.php(1119): CodeIgniter\View\View->render('templates/maker...', Array, true)
#3 C:\xampp\htdocs\app\Views\templates\dashboard.php(11): view('templates/maker...')
#4 C:\xampp\htdocs\system\View\View.php(246): include('C:\\xampp\\htdocs...')
#5 C:\xampp\htdocs\system\Common.php(1119): CodeIgniter\View\View->render('templates/dashb...', Array, true)
#6 C:\xampp\htdocs\app\Controllers\Dashboard.php(10): view('templates/dashb...')
#7 C:\xampp\htdocs\system\CodeIgniter.php(918): App\Controllers\Dashboard->index()
#8 C:\xampp\htdocs\system\CodeIgniter.php(404): CodeIgniter\CodeIgniter->runController(Object(App\Controllers\Dashboard))
#9 C:\xampp\htdocs\system\CodeIgniter.php(312): CodeIgniter\CodeIgniter->handleRequest(NULL, Object(Config\Cache), false)
#10 C:\xampp\htdocs\public\index.php(45): CodeIgniter\CodeIgniter->run()
#11 {main}
CRITICAL - 2020-10-21 13:55:48 --> Undefined index: user
#0 C:\xampp\htdocs\app\Views\templates\makereq.php(97): CodeIgniter\Debug\Exceptions->errorHandler(8, 'Undefined index...', 'C:\\xampp\\htdocs...', 97, Array)
#1 C:\xampp\htdocs\system\View\View.php(246): include('C:\\xampp\\htdocs...')
#2 C:\xampp\htdocs\system\Common.php(1119): CodeIgniter\View\View->render('templates/maker...', Array, true)
#3 C:\xampp\htdocs\app\Views\templates\dashboard.php(11): view('templates/maker...')
#4 C:\xampp\htdocs\system\View\View.php(246): include('C:\\xampp\\htdocs...')
#5 C:\xampp\htdocs\system\Common.php(1119): CodeIgniter\View\View->render('templates/dashb...', Array, true)
#6 C:\xampp\htdocs\app\Controllers\Dashboard.php(10): view('templates/dashb...')
#7 C:\xampp\htdocs\system\CodeIgniter.php(918): App\Controllers\Dashboard->index()
#8 C:\xampp\htdocs\system\CodeIgniter.php(404): CodeIgniter\CodeIgniter->runController(Object(App\Controllers\Dashboard))
#9 C:\xampp\htdocs\system\CodeIgniter.php(312): CodeIgniter\CodeIgniter->handleRequest(NULL, Object(Config\Cache), false)
#10 C:\xampp\htdocs\public\index.php(45): CodeIgniter\CodeIgniter->run()
#11 {main}
CRITICAL - 2020-10-21 13:56:41 --> Undefined index: user
#0 C:\xampp\htdocs\app\Views\templates\makereq.php(97): CodeIgniter\Debug\Exceptions->errorHandler(8, 'Undefined index...', 'C:\\xampp\\htdocs...', 97, Array)
#1 C:\xampp\htdocs\system\View\View.php(246): include('C:\\xampp\\htdocs...')
#2 C:\xampp\htdocs\system\Common.php(1119): CodeIgniter\View\View->render('templates/maker...', Array, true)
#3 C:\xampp\htdocs\app\Views\templates\dashboard.php(11): view('templates/maker...')
#4 C:\xampp\htdocs\system\View\View.php(246): include('C:\\xampp\\htdocs...')
#5 C:\xampp\htdocs\system\Common.php(1119): CodeIgniter\View\View->render('templates/dashb...', Array, true)
#6 C:\xampp\htdocs\app\Controllers\Dashboard.php(10): view('templates/dashb...')
#7 C:\xampp\htdocs\system\CodeIgniter.php(918): App\Controllers\Dashboard->index()
#8 C:\xampp\htdocs\system\CodeIgniter.php(404): CodeIgniter\CodeIgniter->runController(Object(App\Controllers\Dashboard))
#9 C:\xampp\htdocs\system\CodeIgniter.php(312): CodeIgniter\CodeIgniter->handleRequest(NULL, Object(Config\Cache), false)
#10 C:\xampp\htdocs\public\index.php(45): CodeIgniter\CodeIgniter->run()
#11 {main}
CRITICAL - 2020-10-21 13:58:53 --> Undefined index: user
#0 C:\xampp\htdocs\app\Views\templates\makereq.php(97): CodeIgniter\Debug\Exceptions->errorHandler(8, 'Undefined index...', 'C:\\xampp\\htdocs...', 97, Array)
#1 C:\xampp\htdocs\system\View\View.php(246): include('C:\\xampp\\htdocs...')
#2 C:\xampp\htdocs\system\Common.php(1119): CodeIgniter\View\View->render('templates/maker...', Array, true)
#3 C:\xampp\htdocs\app\Views\templates\dashboard.php(11): view('templates/maker...')
#4 C:\xampp\htdocs\system\View\View.php(246): include('C:\\xampp\\htdocs...')
#5 C:\xampp\htdocs\system\Common.php(1119): CodeIgniter\View\View->render('templates/dashb...', Array, true)
#6 C:\xampp\htdocs\app\Controllers\Dashboard.php(10): view('templates/dashb...')
#7 C:\xampp\htdocs\system\CodeIgniter.php(918): App\Controllers\Dashboard->index()
#8 C:\xampp\htdocs\system\CodeIgniter.php(404): CodeIgniter\CodeIgniter->runController(Object(App\Controllers\Dashboard))
#9 C:\xampp\htdocs\system\CodeIgniter.php(312): CodeIgniter\CodeIgniter->handleRequest(NULL, Object(Config\Cache), false)
#10 C:\xampp\htdocs\public\index.php(45): CodeIgniter\CodeIgniter->run()
#11 {main}
CRITICAL - 2020-10-21 14:00:23 --> Undefined index: user
#0 C:\xampp\htdocs\app\Views\templates\makereq.php(97): CodeIgniter\Debug\Exceptions->errorHandler(8, 'Undefined index...', 'C:\\xampp\\htdocs...', 97, Array)
#1 C:\xampp\htdocs\system\View\View.php(246): include('C:\\xampp\\htdocs...')
#2 C:\xampp\htdocs\system\Common.php(1119): CodeIgniter\View\View->render('templates/maker...', Array, true)
#3 C:\xampp\htdocs\app\Views\templates\dashboard.php(11): view('templates/maker...')
#4 C:\xampp\htdocs\system\View\View.php(246): include('C:\\xampp\\htdocs...')
#5 C:\xampp\htdocs\system\Common.php(1119): CodeIgniter\View\View->render('templates/dashb...', Array, true)
#6 C:\xampp\htdocs\app\Controllers\Dashboard.php(10): view('templates/dashb...')
#7 C:\xampp\htdocs\system\CodeIgniter.php(918): App\Controllers\Dashboard->index()
#8 C:\xampp\htdocs\system\CodeIgniter.php(404): CodeIgniter\CodeIgniter->runController(Object(App\Controllers\Dashboard))
#9 C:\xampp\htdocs\system\CodeIgniter.php(312): CodeIgniter\CodeIgniter->handleRequest(NULL, Object(Config\Cache), false)
#10 C:\xampp\htdocs\public\index.php(45): CodeIgniter\CodeIgniter->run()
#11 {main}
CRITICAL - 2020-10-21 14:01:28 --> Undefined index: user
#0 C:\xampp\htdocs\app\Views\templates\makereq.php(97): CodeIgniter\Debug\Exceptions->errorHandler(8, 'Undefined index...', 'C:\\xampp\\htdocs...', 97, Array)
#1 C:\xampp\htdocs\system\View\View.php(246): include('C:\\xampp\\htdocs...')
#2 C:\xampp\htdocs\system\Common.php(1119): CodeIgniter\View\View->render('templates/maker...', Array, true)
#3 C:\xampp\htdocs\app\Views\templates\dashboard.php(11): view('templates/maker...')
#4 C:\xampp\htdocs\system\View\View.php(246): include('C:\\xampp\\htdocs...')
#5 C:\xampp\htdocs\system\Common.php(1119): CodeIgniter\View\View->render('templates/dashb...', Array, true)
#6 C:\xampp\htdocs\app\Controllers\Dashboard.php(10): view('templates/dashb...')
#7 C:\xampp\htdocs\system\CodeIgniter.php(918): App\Controllers\Dashboard->index()
#8 C:\xampp\htdocs\system\CodeIgniter.php(404): CodeIgniter\CodeIgniter->runController(Object(App\Controllers\Dashboard))
#9 C:\xampp\htdocs\system\CodeIgniter.php(312): CodeIgniter\CodeIgniter->handleRequest(NULL, Object(Config\Cache), false)
#10 C:\xampp\htdocs\public\index.php(45): CodeIgniter\CodeIgniter->run()
#11 {main}
CRITICAL - 2020-10-21 21:18:38 --> syntax error, unexpected 'function' (T_FUNCTION)
#0 C:\xampp\htdocs\system\Common.php(1119): CodeIgniter\View\View->render('templates/maker...', Array, true)
#1 C:\xampp\htdocs\app\Views\templates\dashboard.php(11): view('templates/maker...')
#2 C:\xampp\htdocs\system\View\View.php(246): include('C:\\xampp\\htdocs...')
#3 C:\xampp\htdocs\system\Common.php(1119): CodeIgniter\View\View->render('templates/dashb...', Array, true)
#4 C:\xampp\htdocs\app\Controllers\Dashboard.php(10): view('templates/dashb...')
#5 C:\xampp\htdocs\system\CodeIgniter.php(918): App\Controllers\Dashboard->index()
#6 C:\xampp\htdocs\system\CodeIgniter.php(404): CodeIgniter\CodeIgniter->runController(Object(App\Controllers\Dashboard))
#7 C:\xampp\htdocs\system\CodeIgniter.php(312): CodeIgniter\CodeIgniter->handleRequest(NULL, Object(Config\Cache), false)
#8 C:\xampp\htdocs\public\index.php(45): CodeIgniter\CodeIgniter->run()
#9 {main}
CRITICAL - 2020-10-21 21:19:23 --> syntax error, unexpected 'function' (T_FUNCTION)
#0 C:\xampp\htdocs\system\Common.php(1119): CodeIgniter\View\View->render('templates/maker...', Array, true)
#1 C:\xampp\htdocs\app\Views\templates\dashboard.php(11): view('templates/maker...')
#2 C:\xampp\htdocs\system\View\View.php(246): include('C:\\xampp\\htdocs...')
#3 C:\xampp\htdocs\system\Common.php(1119): CodeIgniter\View\View->render('templates/dashb...', Array, true)
#4 C:\xampp\htdocs\app\Controllers\Dashboard.php(10): view('templates/dashb...')
#5 C:\xampp\htdocs\system\CodeIgniter.php(918): App\Controllers\Dashboard->index()
#6 C:\xampp\htdocs\system\CodeIgniter.php(404): CodeIgniter\CodeIgniter->runController(Object(App\Controllers\Dashboard))
#7 C:\xampp\htdocs\system\CodeIgniter.php(312): CodeIgniter\CodeIgniter->handleRequest(NULL, Object(Config\Cache), false)
#8 C:\xampp\htdocs\public\index.php(45): CodeIgniter\CodeIgniter->run()
#9 {main}
CRITICAL - 2020-10-21 21:19:27 --> syntax error, unexpected 'function' (T_FUNCTION)
#0 C:\xampp\htdocs\system\Common.php(1119): CodeIgniter\View\View->render('templates/maker...', Array, true)
#1 C:\xampp\htdocs\app\Views\templates\dashboard.php(11): view('templates/maker...')
#2 C:\xampp\htdocs\system\View\View.php(246): include('C:\\xampp\\htdocs...')
#3 C:\xampp\htdocs\system\Common.php(1119): CodeIgniter\View\View->render('templates/dashb...', Array, true)
#4 C:\xampp\htdocs\app\Controllers\Dashboard.php(10): view('templates/dashb...')
#5 C:\xampp\htdocs\system\CodeIgniter.php(918): App\Controllers\Dashboard->index()
#6 C:\xampp\htdocs\system\CodeIgniter.php(404): CodeIgniter\CodeIgniter->runController(Object(App\Controllers\Dashboard))
#7 C:\xampp\htdocs\system\CodeIgniter.php(312): CodeIgniter\CodeIgniter->handleRequest(NULL, Object(Config\Cache), false)
#8 C:\xampp\htdocs\public\index.php(45): CodeIgniter\CodeIgniter->run()
#9 {main}
CRITICAL - 2020-10-21 21:19:42 --> syntax error, unexpected 'function' (T_FUNCTION)
#0 C:\xampp\htdocs\system\Common.php(1119): CodeIgniter\View\View->render('templates/maker...', Array, true)
#1 C:\xampp\htdocs\app\Views\templates\dashboard.php(11): view('templates/maker...')
#2 C:\xampp\htdocs\system\View\View.php(246): include('C:\\xampp\\htdocs...')
#3 C:\xampp\htdocs\system\Common.php(1119): CodeIgniter\View\View->render('templates/dashb...', Array, true)
#4 C:\xampp\htdocs\app\Controllers\Dashboard.php(10): view('templates/dashb...')
#5 C:\xampp\htdocs\system\CodeIgniter.php(918): App\Controllers\Dashboard->index()
#6 C:\xampp\htdocs\system\CodeIgniter.php(404): CodeIgniter\CodeIgniter->runController(Object(App\Controllers\Dashboard))
#7 C:\xampp\htdocs\system\CodeIgniter.php(312): CodeIgniter\CodeIgniter->handleRequest(NULL, Object(Config\Cache), false)
#8 C:\xampp\htdocs\public\index.php(45): CodeIgniter\CodeIgniter->run()
#9 {main}
CRITICAL - 2020-10-21 21:31:53 --> Trying to access array offset on value of type null
#0 C:\xampp\htdocs\app\Views\templates\makereq.php(118): CodeIgniter\Debug\Exceptions->errorHandler(8, 'Trying to acces...', 'C:\\xampp\\htdocs...', 118, Array)
#1 C:\xampp\htdocs\system\View\View.php(246): include('C:\\xampp\\htdocs...')
#2 C:\xampp\htdocs\system\Common.php(1119): CodeIgniter\View\View->render('templates/maker...', Array, true)
#3 C:\xampp\htdocs\app\Views\templates\dashboard.php(11): view('templates/maker...')
#4 C:\xampp\htdocs\system\View\View.php(246): include('C:\\xampp\\htdocs...')
#5 C:\xampp\htdocs\system\Common.php(1119): CodeIgniter\View\View->render('templates/dashb...', Array, true)
#6 C:\xampp\htdocs\app\Controllers\Dashboard.php(10): view('templates/dashb...')
#7 C:\xampp\htdocs\system\CodeIgniter.php(918): App\Controllers\Dashboard->index()
#8 C:\xampp\htdocs\system\CodeIgniter.php(404): CodeIgniter\CodeIgniter->runController(Object(App\Controllers\Dashboard))
#9 C:\xampp\htdocs\system\CodeIgniter.php(312): CodeIgniter\CodeIgniter->handleRequest(NULL, Object(Config\Cache), false)
#10 C:\xampp\htdocs\public\index.php(45): CodeIgniter\CodeIgniter->run()
#11 {main}
CRITICAL - 2020-10-21 21:36:32 --> Call to undefined function mysql_num_rows()
#0 C:\xampp\htdocs\system\View\View.php(246): include()
#1 C:\xampp\htdocs\system\Common.php(1119): CodeIgniter\View\View->render('templates/maker...', Array, true)
#2 C:\xampp\htdocs\app\Views\templates\dashboard.php(11): view('templates/maker...')
#3 C:\xampp\htdocs\system\View\View.php(246): include('C:\\xampp\\htdocs...')
#4 C:\xampp\htdocs\system\Common.php(1119): CodeIgniter\View\View->render('templates/dashb...', Array, true)
#5 C:\xampp\htdocs\app\Controllers\Dashboard.php(10): view('templates/dashb...')
#6 C:\xampp\htdocs\system\CodeIgniter.php(918): App\Controllers\Dashboard->index()
#7 C:\xampp\htdocs\system\CodeIgniter.php(404): CodeIgniter\CodeIgniter->runController(Object(App\Controllers\Dashboard))
#8 C:\xampp\htdocs\system\CodeIgniter.php(312): CodeIgniter\CodeIgniter->handleRequest(NULL, Object(Config\Cache), false)
#9 C:\xampp\htdocs\public\index.php(45): CodeIgniter\CodeIgniter->run()
#10 {main}
CRITICAL - 2020-10-21 21:36:47 --> Call to undefined function mysql_num_rows1()
#0 C:\xampp\htdocs\system\View\View.php(246): include()
#1 C:\xampp\htdocs\system\Common.php(1119): CodeIgniter\View\View->render('templates/maker...', Array, true)
#2 C:\xampp\htdocs\app\Views\templates\dashboard.php(11): view('templates/maker...')
#3 C:\xampp\htdocs\system\View\View.php(246): include('C:\\xampp\\htdocs...')
#4 C:\xampp\htdocs\system\Common.php(1119): CodeIgniter\View\View->render('templates/dashb...', Array, true)
#5 C:\xampp\htdocs\app\Controllers\Dashboard.php(10): view('templates/dashb...')
#6 C:\xampp\htdocs\system\CodeIgniter.php(918): App\Controllers\Dashboard->index()
#7 C:\xampp\htdocs\system\CodeIgniter.php(404): CodeIgniter\CodeIgniter->runController(Object(App\Controllers\Dashboard))
#8 C:\xampp\htdocs\system\CodeIgniter.php(312): CodeIgniter\CodeIgniter->handleRequest(NULL, Object(Config\Cache), false)
#9 C:\xampp\htdocs\public\index.php(45): CodeIgniter\CodeIgniter->run()
#10 {main}
CRITICAL - 2020-10-21 21:37:02 --> Call to undefined function mysql_num_rows()
#0 C:\xampp\htdocs\system\View\View.php(246): include()
#1 C:\xampp\htdocs\system\Common.php(1119): CodeIgniter\View\View->render('templates/maker...', Array, true)
#2 C:\xampp\htdocs\app\Views\templates\dashboard.php(11): view('templates/maker...')
#3 C:\xampp\htdocs\system\View\View.php(246): include('C:\\xampp\\htdocs...')
#4 C:\xampp\htdocs\system\Common.php(1119): CodeIgniter\View\View->render('templates/dashb...', Array, true)
#5 C:\xampp\htdocs\app\Controllers\Dashboard.php(10): view('templates/dashb...')
#6 C:\xampp\htdocs\system\CodeIgniter.php(918): App\Controllers\Dashboard->index()
#7 C:\xampp\htdocs\system\CodeIgniter.php(404): CodeIgniter\CodeIgniter->runController(Object(App\Controllers\Dashboard))
#8 C:\xampp\htdocs\system\CodeIgniter.php(312): CodeIgniter\CodeIgniter->handleRequest(NULL, Object(Config\Cache), false)
#9 C:\xampp\htdocs\public\index.php(45): CodeIgniter\CodeIgniter->run()
#10 {main}
CRITICAL - 2020-10-21 21:37:25 --> mysqli_num_rows() expects parameter 1 to be mysqli_result, null given
#0 [internal function]: CodeIgniter\Debug\Exceptions->errorHandler(2, 'mysqli_num_rows...', 'C:\\xampp\\htdocs...', 118, Array)
#1 C:\xampp\htdocs\app\Views\templates\makereq.php(118): mysqli_num_rows(NULL)
#2 C:\xampp\htdocs\system\View\View.php(246): include('C:\\xampp\\htdocs...')
#3 C:\xampp\htdocs\system\Common.php(1119): CodeIgniter\View\View->render('templates/maker...', Array, true)
#4 C:\xampp\htdocs\app\Views\templates\dashboard.php(11): view('templates/maker...')
#5 C:\xampp\htdocs\system\View\View.php(246): include('C:\\xampp\\htdocs...')
#6 C:\xampp\htdocs\system\Common.php(1119): CodeIgniter\View\View->render('templates/dashb...', Array, true)
#7 C:\xampp\htdocs\app\Controllers\Dashboard.php(10): view('templates/dashb...')
#8 C:\xampp\htdocs\system\CodeIgniter.php(918): App\Controllers\Dashboard->index()
#9 C:\xampp\htdocs\system\CodeIgniter.php(404): CodeIgniter\CodeIgniter->runController(Object(App\Controllers\Dashboard))
#10 C:\xampp\htdocs\system\CodeIgniter.php(312): CodeIgniter\CodeIgniter->handleRequest(NULL, Object(Config\Cache), false)
#11 C:\xampp\htdocs\public\index.php(45): CodeIgniter\CodeIgniter->run()
#12 {main}
CRITICAL - 2020-10-21 21:39:06 --> syntax error, unexpected '=', expecting ';' or ','
#0 C:\xampp\htdocs\system\Common.php(1119): CodeIgniter\View\View->render('templates/maker...', Array, true)
#1 C:\xampp\htdocs\app\Views\templates\dashboard.php(11): view('templates/maker...')
#2 C:\xampp\htdocs\system\View\View.php(246): include('C:\\xampp\\htdocs...')
#3 C:\xampp\htdocs\system\Common.php(1119): CodeIgniter\View\View->render('templates/dashb...', Array, true)
#4 C:\xampp\htdocs\app\Controllers\Dashboard.php(10): view('templates/dashb...')
#5 C:\xampp\htdocs\system\CodeIgniter.php(918): App\Controllers\Dashboard->index()
#6 C:\xampp\htdocs\system\CodeIgniter.php(404): CodeIgniter\CodeIgniter->runController(Object(App\Controllers\Dashboard))
#7 C:\xampp\htdocs\system\CodeIgniter.php(312): CodeIgniter\CodeIgniter->handleRequest(NULL, Object(Config\Cache), false)
#8 C:\xampp\htdocs\public\index.php(45): CodeIgniter\CodeIgniter->run()
#9 {main}
CRITICAL - 2020-10-21 21:39:40 --> mysqli_num_rows() expects parameter 1 to be mysqli_result, null given
#0 [internal function]: CodeIgniter\Debug\Exceptions->errorHandler(2, 'mysqli_num_rows...', 'C:\\xampp\\htdocs...', 119, Array)
#1 C:\xampp\htdocs\app\Views\templates\makereq.php(119): mysqli_num_rows(NULL)
#2 C:\xampp\htdocs\system\View\View.php(246): include('C:\\xampp\\htdocs...')
#3 C:\xampp\htdocs\system\Common.php(1119): CodeIgniter\View\View->render('templates/maker...', Array, true)
#4 C:\xampp\htdocs\app\Views\templates\dashboard.php(11): view('templates/maker...')
#5 C:\xampp\htdocs\system\View\View.php(246): include('C:\\xampp\\htdocs...')
#6 C:\xampp\htdocs\system\Common.php(1119): CodeIgniter\View\View->render('templates/dashb...', Array, true)
#7 C:\xampp\htdocs\app\Controllers\Dashboard.php(10): view('templates/dashb...')
#8 C:\xampp\htdocs\system\CodeIgniter.php(918): App\Controllers\Dashboard->index()
#9 C:\xampp\htdocs\system\CodeIgniter.php(404): CodeIgniter\CodeIgniter->runController(Object(App\Controllers\Dashboard))
#10 C:\xampp\htdocs\system\CodeIgniter.php(312): CodeIgniter\CodeIgniter->handleRequest(NULL, Object(Config\Cache), false)
#11 C:\xampp\htdocs\public\index.php(45): CodeIgniter\CodeIgniter->run()
#12 {main}
CRITICAL - 2020-10-21 21:41:14 --> mysqli_num_rows() expects parameter 1 to be mysqli_result, null given
#0 [internal function]: CodeIgniter\Debug\Exceptions->errorHandler(2, 'mysqli_num_rows...', 'C:\\xampp\\htdocs...', 124, Array)
#1 C:\xampp\htdocs\app\Views\templates\makereq.php(124): mysqli_num_rows(NULL)
#2 C:\xampp\htdocs\system\View\View.php(246): include('C:\\xampp\\htdocs...')
#3 C:\xampp\htdocs\system\Common.php(1119): CodeIgniter\View\View->render('templates/maker...', Array, true)
#4 C:\xampp\htdocs\app\Views\templates\dashboard.php(11): view('templates/maker...')
#5 C:\xampp\htdocs\system\View\View.php(246): include('C:\\xampp\\htdocs...')
#6 C:\xampp\htdocs\system\Common.php(1119): CodeIgniter\View\View->render('templates/dashb...', Array, true)
#7 C:\xampp\htdocs\app\Controllers\Dashboard.php(10): view('templates/dashb...')
#8 C:\xampp\htdocs\system\CodeIgniter.php(918): App\Controllers\Dashboard->index()
#9 C:\xampp\htdocs\system\CodeIgniter.php(404): CodeIgniter\CodeIgniter->runController(Object(App\Controllers\Dashboard))
#10 C:\xampp\htdocs\system\CodeIgniter.php(312): CodeIgniter\CodeIgniter->handleRequest(NULL, Object(Config\Cache), false)
#11 C:\xampp\htdocs\public\index.php(45): CodeIgniter\CodeIgniter->run()
#12 {main}
CRITICAL - 2020-10-21 21:41:16 --> mysqli_num_rows() expects parameter 1 to be mysqli_result, null given
#0 [internal function]: CodeIgniter\Debug\Exceptions->errorHandler(2, 'mysqli_num_rows...', 'C:\\xampp\\htdocs...', 124, Array)
#1 C:\xampp\htdocs\app\Views\templates\makereq.php(124): mysqli_num_rows(NULL)
#2 C:\xampp\htdocs\system\View\View.php(246): include('C:\\xampp\\htdocs...')
#3 C:\xampp\htdocs\system\Common.php(1119): CodeIgniter\View\View->render('templates/maker...', Array, true)
#4 C:\xampp\htdocs\app\Views\templates\dashboard.php(11): view('templates/maker...')
#5 C:\xampp\htdocs\system\View\View.php(246): include('C:\\xampp\\htdocs...')
#6 C:\xampp\htdocs\system\Common.php(1119): CodeIgniter\View\View->render('templates/dashb...', Array, true)
#7 C:\xampp\htdocs\app\Controllers\Dashboard.php(10): view('templates/dashb...')
#8 C:\xampp\htdocs\system\CodeIgniter.php(918): App\Controllers\Dashboard->index()
#9 C:\xampp\htdocs\system\CodeIgniter.php(404): CodeIgniter\CodeIgniter->runController(Object(App\Controllers\Dashboard))
#10 C:\xampp\htdocs\system\CodeIgniter.php(312): CodeIgniter\CodeIgniter->handleRequest(NULL, Object(Config\Cache), false)
#11 C:\xampp\htdocs\public\index.php(45): CodeIgniter\CodeIgniter->run()
#12 {main}
CRITICAL - 2020-10-21 21:42:04 --> mysqli_num_rows() expects parameter 1 to be mysqli_result, null given
#0 [internal function]: CodeIgniter\Debug\Exceptions->errorHandler(2, 'mysqli_num_rows...', 'C:\\xampp\\htdocs...', 125, Array)
#1 C:\xampp\htdocs\app\Views\templates\makereq.php(125): mysqli_num_rows(NULL)
#2 C:\xampp\htdocs\system\View\View.php(246): include('C:\\xampp\\htdocs...')
#3 C:\xampp\htdocs\system\Common.php(1119): CodeIgniter\View\View->render('templates/maker...', Array, true)
#4 C:\xampp\htdocs\app\Views\templates\dashboard.php(11): view('templates/maker...')
#5 C:\xampp\htdocs\system\View\View.php(246): include('C:\\xampp\\htdocs...')
#6 C:\xampp\htdocs\system\Common.php(1119): CodeIgniter\View\View->render('templates/dashb...', Array, true)
#7 C:\xampp\htdocs\app\Controllers\Dashboard.php(10): view('templates/dashb...')
#8 C:\xampp\htdocs\system\CodeIgniter.php(918): App\Controllers\Dashboard->index()
#9 C:\xampp\htdocs\system\CodeIgniter.php(404): CodeIgniter\CodeIgniter->runController(Object(App\Controllers\Dashboard))
#10 C:\xampp\htdocs\system\CodeIgniter.php(312): CodeIgniter\CodeIgniter->handleRequest(NULL, Object(Config\Cache), false)
#11 C:\xampp\htdocs\public\index.php(45): CodeIgniter\CodeIgniter->run()
#12 {main}
CRITICAL - 2020-10-21 21:43:01 --> mysqli_num_rows() expects parameter 1 to be mysqli_result, null given
#0 [internal function]: CodeIgniter\Debug\Exceptions->errorHandler(2, 'mysqli_num_rows...', 'C:\\xampp\\htdocs...', 124, Array)
#1 C:\xampp\htdocs\app\Views\templates\makereq.php(124): mysqli_num_rows(NULL)
#2 C:\xampp\htdocs\system\View\View.php(246): include('C:\\xampp\\htdocs...')
#3 C:\xampp\htdocs\system\Common.php(1119): CodeIgniter\View\View->render('templates/maker...', Array, true)
#4 C:\xampp\htdocs\app\Views\templates\dashboard.php(11): view('templates/maker...')
#5 C:\xampp\htdocs\system\View\View.php(246): include('C:\\xampp\\htdocs...')
#6 C:\xampp\htdocs\system\Common.php(1119): CodeIgniter\View\View->render('templates/dashb...', Array, true)
#7 C:\xampp\htdocs\app\Controllers\Dashboard.php(10): view('templates/dashb...')
#8 C:\xampp\htdocs\system\CodeIgniter.php(918): App\Controllers\Dashboard->index()
#9 C:\xampp\htdocs\system\CodeIgniter.php(404): CodeIgniter\CodeIgniter->runController(Object(App\Controllers\Dashboard))
#10 C:\xampp\htdocs\system\CodeIgniter.php(312): CodeIgniter\CodeIgniter->handleRequest(NULL, Object(Config\Cache), false)
#11 C:\xampp\htdocs\public\index.php(45): CodeIgniter\CodeIgniter->run()
#12 {main}
CRITICAL - 2020-10-21 21:49:20 --> Can't use function return value in write context
#0 [internal function]: CodeIgniter\Debug\Exceptions->shutdownHandler()
#1 {main}
CRITICAL - 2020-10-21 21:50:09 --> Trying to access array offset on value of type null
#0 C:\xampp\htdocs\app\Views\templates\makereq.php(128): CodeIgniter\Debug\Exceptions->errorHandler(8, 'Trying to acces...', 'C:\\xampp\\htdocs...', 128, Array)
#1 C:\xampp\htdocs\system\View\View.php(246): include('C:\\xampp\\htdocs...')
#2 C:\xampp\htdocs\system\Common.php(1119): CodeIgniter\View\View->render('templates/maker...', Array, true)
#3 C:\xampp\htdocs\app\Views\templates\dashboard.php(11): view('templates/maker...')
#4 C:\xampp\htdocs\system\View\View.php(246): include('C:\\xampp\\htdocs...')
#5 C:\xampp\htdocs\system\Common.php(1119): CodeIgniter\View\View->render('templates/dashb...', Array, true)
#6 C:\xampp\htdocs\app\Controllers\Dashboard.php(10): view('templates/dashb...')
#7 C:\xampp\htdocs\system\CodeIgniter.php(918): App\Controllers\Dashboard->index()
#8 C:\xampp\htdocs\system\CodeIgniter.php(404): CodeIgniter\CodeIgniter->runController(Object(App\Controllers\Dashboard))
#9 C:\xampp\htdocs\system\CodeIgniter.php(312): CodeIgniter\CodeIgniter->handleRequest(NULL, Object(Config\Cache), false)
#10 C:\xampp\htdocs\public\index.php(45): CodeIgniter\CodeIgniter->run()
#11 {main}
CRITICAL - 2020-10-21 21:52:43 --> Trying to access array offset on value of type null
#0 C:\xampp\htdocs\app\Views\templates\makereq.php(128): CodeIgniter\Debug\Exceptions->errorHandler(8, 'Trying to acces...', 'C:\\xampp\\htdocs...', 128, Array)
#1 C:\xampp\htdocs\system\View\View.php(246): include('C:\\xampp\\htdocs...')
#2 C:\xampp\htdocs\system\Common.php(1119): CodeIgniter\View\View->render('templates/maker...', Array, true)
#3 C:\xampp\htdocs\app\Views\templates\dashboard.php(11): view('templates/maker...')
#4 C:\xampp\htdocs\system\View\View.php(246): include('C:\\xampp\\htdocs...')
#5 C:\xampp\htdocs\system\Common.php(1119): CodeIgniter\View\View->render('templates/dashb...', Array, true)
#6 C:\xampp\htdocs\app\Controllers\Dashboard.php(10): view('templates/dashb...')
#7 C:\xampp\htdocs\system\CodeIgniter.php(918): App\Controllers\Dashboard->index()
#8 C:\xampp\htdocs\system\CodeIgniter.php(404): CodeIgniter\CodeIgniter->runController(Object(App\Controllers\Dashboard))
#9 C:\xampp\htdocs\system\CodeIgniter.php(312): CodeIgniter\CodeIgniter->handleRequest(NULL, Object(Config\Cache), false)
#10 C:\xampp\htdocs\public\index.php(45): CodeIgniter\CodeIgniter->run()
#11 {main}
CRITICAL - 2020-10-21 22:01:18 --> syntax error, unexpected end of file
#0 C:\xampp\htdocs\system\Common.php(1119): CodeIgniter\View\View->render('templates/maker...', Array, true)
#1 C:\xampp\htdocs\app\Views\templates\dashboard.php(11): view('templates/maker...')
#2 C:\xampp\htdocs\system\View\View.php(246): include('C:\\xampp\\htdocs...')
#3 C:\xampp\htdocs\system\Common.php(1119): CodeIgniter\View\View->render('templates/dashb...', Array, true)
#4 C:\xampp\htdocs\app\Controllers\Dashboard.php(10): view('templates/dashb...')
#5 C:\xampp\htdocs\system\CodeIgniter.php(918): App\Controllers\Dashboard->index()
#6 C:\xampp\htdocs\system\CodeIgniter.php(404): CodeIgniter\CodeIgniter->runController(Object(App\Controllers\Dashboard))
#7 C:\xampp\htdocs\system\CodeIgniter.php(312): CodeIgniter\CodeIgniter->handleRequest(NULL, Object(Config\Cache), false)
#8 C:\xampp\htdocs\public\index.php(45): CodeIgniter\CodeIgniter->run()
#9 {main}
CRITICAL - 2020-10-21 22:08:51 --> syntax error, unexpected '' (T_ENCAPSED_AND_WHITESPACE), expecting '-' or identifier (T_STRING) or variable (T_VARIABLE) or number (T_NUM_STRING)
#0 C:\xampp\htdocs\system\Common.php(1119): CodeIgniter\View\View->render('templates/maker...', Array, true)
#1 C:\xampp\htdocs\app\Views\templates\dashboard.php(11): view('templates/maker...')
#2 C:\xampp\htdocs\system\View\View.php(246): include('C:\\xampp\\htdocs...')
#3 C:\xampp\htdocs\system\Common.php(1119): CodeIgniter\View\View->render('templates/dashb...', Array, true)
#4 C:\xampp\htdocs\app\Controllers\Dashboard.php(10): view('templates/dashb...')
#5 C:\xampp\htdocs\system\CodeIgniter.php(918): App\Controllers\Dashboard->index()
#6 C:\xampp\htdocs\system\CodeIgniter.php(404): CodeIgniter\CodeIgniter->runController(Object(App\Controllers\Dashboard))
#7 C:\xampp\htdocs\system\CodeIgniter.php(312): CodeIgniter\CodeIgniter->handleRequest(NULL, Object(Config\Cache), false)
#8 C:\xampp\htdocs\public\index.php(45): CodeIgniter\CodeIgniter->run()
#9 {main}
CRITICAL - 2020-10-21 22:27:59 --> syntax error, unexpected ')'
#0 C:\xampp\htdocs\system\Common.php(1119): CodeIgniter\View\View->render('templates/maker...', Array, true)
#1 C:\xampp\htdocs\app\Views\templates\dashboard.php(11): view('templates/maker...')
#2 C:\xampp\htdocs\system\View\View.php(246): include('C:\\xampp\\htdocs...')
#3 C:\xampp\htdocs\system\Common.php(1119): CodeIgniter\View\View->render('templates/dashb...', Array, true)
#4 C:\xampp\htdocs\app\Controllers\Dashboard.php(10): view('templates/dashb...')
#5 C:\xampp\htdocs\system\CodeIgniter.php(918): App\Controllers\Dashboard->index()
#6 C:\xampp\htdocs\system\CodeIgniter.php(404): CodeIgniter\CodeIgniter->runController(Object(App\Controllers\Dashboard))
#7 C:\xampp\htdocs\system\CodeIgniter.php(312): CodeIgniter\CodeIgniter->handleRequest(NULL, Object(Config\Cache), false)
#8 C:\xampp\htdocs\public\index.php(45): CodeIgniter\CodeIgniter->run()
#9 {main}
CRITICAL - 2020-10-21 22:33:34 --> Trying to access array offset on value of type null
#0 C:\xampp\htdocs\app\Views\hpages\hprofile.php(29): CodeIgniter\Debug\Exceptions->errorHandler(8, 'Trying to acces...', 'C:\\xampp\\htdocs...', 29, Array)
#1 C:\xampp\htdocs\system\View\View.php(246): include('C:\\xampp\\htdocs...')
#2 C:\xampp\htdocs\system\Common.php(1119): CodeIgniter\View\View->render('hpages/hprofile', Array, true)
#3 C:\xampp\htdocs\app\Controllers\Hospital.php(139): view('hpages/hprofile')
#4 C:\xampp\htdocs\system\CodeIgniter.php(918): App\Controllers\Hospital->hprofile()
#5 C:\xampp\htdocs\system\CodeIgniter.php(404): CodeIgniter\CodeIgniter->runController(Object(App\Controllers\Hospital))
#6 C:\xampp\htdocs\system\CodeIgniter.php(312): CodeIgniter\CodeIgniter->handleRequest(NULL, Object(Config\Cache), false)
#7 C:\xampp\htdocs\public\index.php(45): CodeIgniter\CodeIgniter->run()
#8 {main}
