CRITICAL - 2020-10-20 00:00:05 --> syntax error, unexpected 'public' (T_PUBLIC), expecting end of file
#0 C:\xampp\htdocs\system\Autoloader\Autoloader.php(296): CodeIgniter\Autoloader\Autoloader->requireFile('C:\\xampp\\htdocs...')
#1 C:\xampp\htdocs\system\Autoloader\Autoloader.php(258): CodeIgniter\Autoloader\Autoloader->loadInNamespace('App\\Controllers...')
#2 [internal function]: CodeIgniter\Autoloader\Autoloader->loadClass('App\\Controllers...')
#3 [internal function]: spl_autoload_call('App\\Controllers...')
#4 C:\xampp\htdocs\system\CodeIgniter.php(869): class_exists('\\App\\Controller...', true)
#5 C:\xampp\htdocs\system\CodeIgniter.php(394): CodeIgniter\CodeIgniter->startController()
#6 C:\xampp\htdocs\system\CodeIgniter.php(312): CodeIgniter\CodeIgniter->handleRequest(NULL, Object(Config\Cache), false)
#7 C:\xampp\htdocs\public\index.php(45): CodeIgniter\CodeIgniter->run()
#8 {main}
CRITICAL - 2020-10-20 00:01:37 --> syntax error, unexpected 'public' (T_PUBLIC), expecting end of file
#0 C:\xampp\htdocs\system\Autoloader\Autoloader.php(296): CodeIgniter\Autoloader\Autoloader->requireFile('C:\\xampp\\htdocs...')
#1 C:\xampp\htdocs\system\Autoloader\Autoloader.php(258): CodeIgniter\Autoloader\Autoloader->loadInNamespace('App\\Controllers...')
#2 [internal function]: CodeIgniter\Autoloader\Autoloader->loadClass('App\\Controllers...')
#3 [internal function]: spl_autoload_call('App\\Controllers...')
#4 C:\xampp\htdocs\system\CodeIgniter.php(869): class_exists('\\App\\Controller...', true)
#5 C:\xampp\htdocs\system\CodeIgniter.php(394): CodeIgniter\CodeIgniter->startController()
#6 C:\xampp\htdocs\system\CodeIgniter.php(312): CodeIgniter\CodeIgniter->handleRequest(NULL, Object(Config\Cache), false)
#7 C:\xampp\htdocs\public\index.php(45): CodeIgniter\CodeIgniter->run()
#8 {main}
CRITICAL - 2020-10-20 00:03:13 --> Undefined variable: data
#0 C:\xampp\htdocs\app\Controllers\User_R.php(115): CodeIgniter\Debug\Exceptions->errorHandler(8, 'Undefined varia...', 'C:\\xampp\\htdocs...', 115, Array)
#1 C:\xampp\htdocs\system\CodeIgniter.php(918): App\Controllers\User_R->profile()
#2 C:\xampp\htdocs\system\CodeIgniter.php(404): CodeIgniter\CodeIgniter->runController(Object(App\Controllers\User_R))
#3 C:\xampp\htdocs\system\CodeIgniter.php(312): CodeIgniter\CodeIgniter->handleRequest(NULL, Object(Config\Cache), false)
#4 C:\xampp\htdocs\public\index.php(45): CodeIgniter\CodeIgniter->run()
#5 {main}
CRITICAL - 2020-10-20 00:09:46 --> Undefined variable: user
#0 C:\xampp\htdocs\app\Views\pages\updateprofile.php(8): CodeIgniter\Debug\Exceptions->errorHandler(8, 'Undefined varia...', 'C:\\xampp\\htdocs...', 8, Array)
#1 C:\xampp\htdocs\system\View\View.php(246): include('C:\\xampp\\htdocs...')
#2 C:\xampp\htdocs\system\Common.php(1119): CodeIgniter\View\View->render('pages/updatepro...', Array, true)
#3 C:\xampp\htdocs\app\Controllers\User_R.php(129): view('pages/updatepro...')
#4 C:\xampp\htdocs\system\CodeIgniter.php(918): App\Controllers\User_R->Updateprofile()
#5 C:\xampp\htdocs\system\CodeIgniter.php(404): CodeIgniter\CodeIgniter->runController(Object(App\Controllers\User_R))
#6 C:\xampp\htdocs\system\CodeIgniter.php(312): CodeIgniter\CodeIgniter->handleRequest(NULL, Object(Config\Cache), false)
#7 C:\xampp\htdocs\public\index.php(45): CodeIgniter\CodeIgniter->run()
#8 {main}
CRITICAL - 2020-10-20 00:12:32 --> Undefined variable: model
#0 C:\xampp\htdocs\app\Controllers\User_R.php(124): CodeIgniter\Debug\Exceptions->errorHandler(8, 'Undefined varia...', 'C:\\xampp\\htdocs...', 124, Array)
#1 C:\xampp\htdocs\system\CodeIgniter.php(918): App\Controllers\User_R->Updateprofile()
#2 C:\xampp\htdocs\system\CodeIgniter.php(404): CodeIgniter\CodeIgniter->runController(Object(App\Controllers\User_R))
#3 C:\xampp\htdocs\system\CodeIgniter.php(312): CodeIgniter\CodeIgniter->handleRequest(NULL, Object(Config\Cache), false)
#4 C:\xampp\htdocs\public\index.php(45): CodeIgniter\CodeIgniter->run()
#5 {main}
CRITICAL - 2020-10-20 00:16:15 --> syntax error, unexpected ','
#0 C:\xampp\htdocs\system\Common.php(1119): CodeIgniter\View\View->render('pages/updatepro...', Array, true)
#1 C:\xampp\htdocs\app\Controllers\User_R.php(135): view('pages/updatepro...')
#2 C:\xampp\htdocs\system\CodeIgniter.php(918): App\Controllers\User_R->Updateprofile()
#3 C:\xampp\htdocs\system\CodeIgniter.php(404): CodeIgniter\CodeIgniter->runController(Object(App\Controllers\User_R))
#4 C:\xampp\htdocs\system\CodeIgniter.php(312): CodeIgniter\CodeIgniter->handleRequest(NULL, Object(Config\Cache), false)
#5 C:\xampp\htdocs\public\index.php(45): CodeIgniter\CodeIgniter->run()
#6 {main}
CRITICAL - 2020-10-20 01:32:23 --> Undefined variable: shop
#0 C:\xampp\htdocs\app\Views\pages\profile.php(12): CodeIgniter\Debug\Exceptions->errorHandler(8, 'Undefined varia...', 'C:\\xampp\\htdocs...', 12, Array)
#1 C:\xampp\htdocs\system\View\View.php(246): include('C:\\xampp\\htdocs...')
#2 C:\xampp\htdocs\system\Common.php(1119): CodeIgniter\View\View->render('pages/profile', Array, true)
#3 C:\xampp\htdocs\app\Controllers\User_R.php(122): view('pages/profile')
#4 C:\xampp\htdocs\system\CodeIgniter.php(918): App\Controllers\User_R->profile()
#5 C:\xampp\htdocs\system\CodeIgniter.php(404): CodeIgniter\CodeIgniter->runController(Object(App\Controllers\User_R))
#6 C:\xampp\htdocs\system\CodeIgniter.php(312): CodeIgniter\CodeIgniter->handleRequest(NULL, Object(Config\Cache), false)
#7 C:\xampp\htdocs\public\index.php(45): CodeIgniter\CodeIgniter->run()
#8 {main}
CRITICAL - 2020-10-20 01:32:34 --> array_keys() expects parameter 1 to be array, string given
#0 [internal function]: CodeIgniter\Debug\Exceptions->errorHandler(2, 'array_keys() ex...', 'C:\\xampp\\htdocs...', 12, Array)
#1 C:\xampp\htdocs\app\Views\pages\profile.php(12): array_keys('20')
#2 C:\xampp\htdocs\system\View\View.php(246): include('C:\\xampp\\htdocs...')
#3 C:\xampp\htdocs\system\Common.php(1119): CodeIgniter\View\View->render('pages/profile', Array, true)
#4 C:\xampp\htdocs\app\Controllers\User_R.php(122): view('pages/profile')
#5 C:\xampp\htdocs\system\CodeIgniter.php(918): App\Controllers\User_R->profile()
#6 C:\xampp\htdocs\system\CodeIgniter.php(404): CodeIgniter\CodeIgniter->runController(Object(App\Controllers\User_R))
#7 C:\xampp\htdocs\system\CodeIgniter.php(312): CodeIgniter\CodeIgniter->handleRequest(NULL, Object(Config\Cache), false)
#8 C:\xampp\htdocs\public\index.php(45): CodeIgniter\CodeIgniter->run()
#9 {main}
CRITICAL - 2020-10-20 01:34:00 --> Undefined variable: data
#0 C:\xampp\htdocs\app\Views\pages\profile.php(8): CodeIgniter\Debug\Exceptions->errorHandler(8, 'Undefined varia...', 'C:\\xampp\\htdocs...', 8, Array)
#1 C:\xampp\htdocs\system\View\View.php(246): include('C:\\xampp\\htdocs...')
#2 C:\xampp\htdocs\system\Common.php(1119): CodeIgniter\View\View->render('pages/profile', Array, true)
#3 C:\xampp\htdocs\app\Controllers\User_R.php(122): view('pages/profile')
#4 C:\xampp\htdocs\system\CodeIgniter.php(918): App\Controllers\User_R->profile()
#5 C:\xampp\htdocs\system\CodeIgniter.php(404): CodeIgniter\CodeIgniter->runController(Object(App\Controllers\User_R))
#6 C:\xampp\htdocs\system\CodeIgniter.php(312): CodeIgniter\CodeIgniter->handleRequest(NULL, Object(Config\Cache), false)
#7 C:\xampp\htdocs\public\index.php(45): CodeIgniter\CodeIgniter->run()
#8 {main}
CRITICAL - 2020-10-20 01:37:05 --> syntax error, unexpected '<', expecting end of file
#0 C:\xampp\htdocs\system\Common.php(1119): CodeIgniter\View\View->render('pages/profile', Array, true)
#1 C:\xampp\htdocs\app\Controllers\User_R.php(122): view('pages/profile')
#2 C:\xampp\htdocs\system\CodeIgniter.php(918): App\Controllers\User_R->profile()
#3 C:\xampp\htdocs\system\CodeIgniter.php(404): CodeIgniter\CodeIgniter->runController(Object(App\Controllers\User_R))
#4 C:\xampp\htdocs\system\CodeIgniter.php(312): CodeIgniter\CodeIgniter->handleRequest(NULL, Object(Config\Cache), false)
#5 C:\xampp\htdocs\public\index.php(45): CodeIgniter\CodeIgniter->run()
#6 {main}
CRITICAL - 2020-10-20 01:37:18 --> Invalid argument supplied for foreach()
#0 C:\xampp\htdocs\app\Views\pages\profile.php(16): CodeIgniter\Debug\Exceptions->errorHandler(2, 'Invalid argumen...', 'C:\\xampp\\htdocs...', 16, Array)
#1 C:\xampp\htdocs\app\Views\pages\profile.php(24): html_table(Array)
#2 C:\xampp\htdocs\system\View\View.php(246): include('C:\\xampp\\htdocs...')
#3 C:\xampp\htdocs\system\Common.php(1119): CodeIgniter\View\View->render('pages/profile', Array, true)
#4 C:\xampp\htdocs\app\Controllers\User_R.php(122): view('pages/profile')
#5 C:\xampp\htdocs\system\CodeIgniter.php(918): App\Controllers\User_R->profile()
#6 C:\xampp\htdocs\system\CodeIgniter.php(404): CodeIgniter\CodeIgniter->runController(Object(App\Controllers\User_R))
#7 C:\xampp\htdocs\system\CodeIgniter.php(312): CodeIgniter\CodeIgniter->handleRequest(NULL, Object(Config\Cache), false)
#8 C:\xampp\htdocs\public\index.php(45): CodeIgniter\CodeIgniter->run()
#9 {main}
CRITICAL - 2020-10-20 01:39:29 --> Array to string conversion
#0 C:\xampp\htdocs\app\Views\pages\profile.php(8): CodeIgniter\Debug\Exceptions->errorHandler(8, 'Array to string...', 'C:\\xampp\\htdocs...', 8, Array)
#1 C:\xampp\htdocs\system\View\View.php(246): include('C:\\xampp\\htdocs...')
#2 C:\xampp\htdocs\system\Common.php(1119): CodeIgniter\View\View->render('pages/profile', Array, true)
#3 C:\xampp\htdocs\app\Controllers\User_R.php(122): view('pages/profile')
#4 C:\xampp\htdocs\system\CodeIgniter.php(918): App\Controllers\User_R->profile()
#5 C:\xampp\htdocs\system\CodeIgniter.php(404): CodeIgniter\CodeIgniter->runController(Object(App\Controllers\User_R))
#6 C:\xampp\htdocs\system\CodeIgniter.php(312): CodeIgniter\CodeIgniter->handleRequest(NULL, Object(Config\Cache), false)
#7 C:\xampp\htdocs\public\index.php(45): CodeIgniter\CodeIgniter->run()
#8 {main}
CRITICAL - 2020-10-20 01:39:36 --> syntax error, unexpected 'echo' (T_ECHO)
#0 C:\xampp\htdocs\system\Common.php(1119): CodeIgniter\View\View->render('pages/profile', Array, true)
#1 C:\xampp\htdocs\app\Controllers\User_R.php(122): view('pages/profile')
#2 C:\xampp\htdocs\system\CodeIgniter.php(918): App\Controllers\User_R->profile()
#3 C:\xampp\htdocs\system\CodeIgniter.php(404): CodeIgniter\CodeIgniter->runController(Object(App\Controllers\User_R))
#4 C:\xampp\htdocs\system\CodeIgniter.php(312): CodeIgniter\CodeIgniter->handleRequest(NULL, Object(Config\Cache), false)
#5 C:\xampp\htdocs\public\index.php(45): CodeIgniter\CodeIgniter->run()
#6 {main}
CRITICAL - 2020-10-20 01:39:45 --> syntax error, unexpected 'echo' (T_ECHO)
#0 C:\xampp\htdocs\system\Common.php(1119): CodeIgniter\View\View->render('pages/profile', Array, true)
#1 C:\xampp\htdocs\app\Controllers\User_R.php(122): view('pages/profile')
#2 C:\xampp\htdocs\system\CodeIgniter.php(918): App\Controllers\User_R->profile()
#3 C:\xampp\htdocs\system\CodeIgniter.php(404): CodeIgniter\CodeIgniter->runController(Object(App\Controllers\User_R))
#4 C:\xampp\htdocs\system\CodeIgniter.php(312): CodeIgniter\CodeIgniter->handleRequest(NULL, Object(Config\Cache), false)
#5 C:\xampp\htdocs\public\index.php(45): CodeIgniter\CodeIgniter->run()
#6 {main}
CRITICAL - 2020-10-20 01:39:58 --> Cannot use [] for reading
#0 [internal function]: CodeIgniter\Debug\Exceptions->shutdownHandler()
#1 {main}
CRITICAL - 2020-10-20 01:40:04 --> Array to string conversion
#0 C:\xampp\htdocs\app\Views\pages\profile.php(8): CodeIgniter\Debug\Exceptions->errorHandler(8, 'Array to string...', 'C:\\xampp\\htdocs...', 8, Array)
#1 C:\xampp\htdocs\system\View\View.php(246): include('C:\\xampp\\htdocs...')
#2 C:\xampp\htdocs\system\Common.php(1119): CodeIgniter\View\View->render('pages/profile', Array, true)
#3 C:\xampp\htdocs\app\Controllers\User_R.php(122): view('pages/profile')
#4 C:\xampp\htdocs\system\CodeIgniter.php(918): App\Controllers\User_R->profile()
#5 C:\xampp\htdocs\system\CodeIgniter.php(404): CodeIgniter\CodeIgniter->runController(Object(App\Controllers\User_R))
#6 C:\xampp\htdocs\system\CodeIgniter.php(312): CodeIgniter\CodeIgniter->handleRequest(NULL, Object(Config\Cache), false)
#7 C:\xampp\htdocs\public\index.php(45): CodeIgniter\CodeIgniter->run()
#8 {main}
CRITICAL - 2020-10-20 01:40:22 --> Use of undefined constant name - assumed 'name' (this will throw an Error in a future version of PHP)
#0 C:\xampp\htdocs\app\Views\pages\profile.php(8): CodeIgniter\Debug\Exceptions->errorHandler(2, 'Use of undefine...', 'C:\\xampp\\htdocs...', 8, Array)
#1 C:\xampp\htdocs\system\View\View.php(246): include('C:\\xampp\\htdocs...')
#2 C:\xampp\htdocs\system\Common.php(1119): CodeIgniter\View\View->render('pages/profile', Array, true)
#3 C:\xampp\htdocs\app\Controllers\User_R.php(122): view('pages/profile')
#4 C:\xampp\htdocs\system\CodeIgniter.php(918): App\Controllers\User_R->profile()
#5 C:\xampp\htdocs\system\CodeIgniter.php(404): CodeIgniter\CodeIgniter->runController(Object(App\Controllers\User_R))
#6 C:\xampp\htdocs\system\CodeIgniter.php(312): CodeIgniter\CodeIgniter->handleRequest(NULL, Object(Config\Cache), false)
#7 C:\xampp\htdocs\public\index.php(45): CodeIgniter\CodeIgniter->run()
#8 {main}
CRITICAL - 2020-10-20 01:40:49 --> Undefined offset: 1
#0 C:\xampp\htdocs\app\Views\pages\profile.php(8): CodeIgniter\Debug\Exceptions->errorHandler(8, 'Undefined offse...', 'C:\\xampp\\htdocs...', 8, Array)
#1 C:\xampp\htdocs\system\View\View.php(246): include('C:\\xampp\\htdocs...')
#2 C:\xampp\htdocs\system\Common.php(1119): CodeIgniter\View\View->render('pages/profile', Array, true)
#3 C:\xampp\htdocs\app\Controllers\User_R.php(122): view('pages/profile')
#4 C:\xampp\htdocs\system\CodeIgniter.php(918): App\Controllers\User_R->profile()
#5 C:\xampp\htdocs\system\CodeIgniter.php(404): CodeIgniter\CodeIgniter->runController(Object(App\Controllers\User_R))
#6 C:\xampp\htdocs\system\CodeIgniter.php(312): CodeIgniter\CodeIgniter->handleRequest(NULL, Object(Config\Cache), false)
#7 C:\xampp\htdocs\public\index.php(45): CodeIgniter\CodeIgniter->run()
#8 {main}
CRITICAL - 2020-10-20 01:40:56 --> Undefined offset: 0
#0 C:\xampp\htdocs\app\Views\pages\profile.php(8): CodeIgniter\Debug\Exceptions->errorHandler(8, 'Undefined offse...', 'C:\\xampp\\htdocs...', 8, Array)
#1 C:\xampp\htdocs\system\View\View.php(246): include('C:\\xampp\\htdocs...')
#2 C:\xampp\htdocs\system\Common.php(1119): CodeIgniter\View\View->render('pages/profile', Array, true)
#3 C:\xampp\htdocs\app\Controllers\User_R.php(122): view('pages/profile')
#4 C:\xampp\htdocs\system\CodeIgniter.php(918): App\Controllers\User_R->profile()
#5 C:\xampp\htdocs\system\CodeIgniter.php(404): CodeIgniter\CodeIgniter->runController(Object(App\Controllers\User_R))
#6 C:\xampp\htdocs\system\CodeIgniter.php(312): CodeIgniter\CodeIgniter->handleRequest(NULL, Object(Config\Cache), false)
#7 C:\xampp\htdocs\public\index.php(45): CodeIgniter\CodeIgniter->run()
#8 {main}
CRITICAL - 2020-10-20 01:41:02 --> Use of undefined constant user - assumed 'user' (this will throw an Error in a future version of PHP)
#0 C:\xampp\htdocs\app\Views\pages\profile.php(8): CodeIgniter\Debug\Exceptions->errorHandler(2, 'Use of undefine...', 'C:\\xampp\\htdocs...', 8, Array)
#1 C:\xampp\htdocs\system\View\View.php(246): include('C:\\xampp\\htdocs...')
#2 C:\xampp\htdocs\system\Common.php(1119): CodeIgniter\View\View->render('pages/profile', Array, true)
#3 C:\xampp\htdocs\app\Controllers\User_R.php(122): view('pages/profile')
#4 C:\xampp\htdocs\system\CodeIgniter.php(918): App\Controllers\User_R->profile()
#5 C:\xampp\htdocs\system\CodeIgniter.php(404): CodeIgniter\CodeIgniter->runController(Object(App\Controllers\User_R))
#6 C:\xampp\htdocs\system\CodeIgniter.php(312): CodeIgniter\CodeIgniter->handleRequest(NULL, Object(Config\Cache), false)
#7 C:\xampp\htdocs\public\index.php(45): CodeIgniter\CodeIgniter->run()
#8 {main}
CRITICAL - 2020-10-20 02:53:11 --> Undefined variable: session
#0 C:\xampp\htdocs\app\Controllers\User_R.php(181): CodeIgniter\Debug\Exceptions->errorHandler(8, 'Undefined varia...', 'C:\\xampp\\htdocs...', 181, Array)
#1 C:\xampp\htdocs\system\CodeIgniter.php(918): App\Controllers\User_R->logout()
#2 C:\xampp\htdocs\system\CodeIgniter.php(404): CodeIgniter\CodeIgniter->runController(Object(App\Controllers\User_R))
#3 C:\xampp\htdocs\system\CodeIgniter.php(312): CodeIgniter\CodeIgniter->handleRequest(NULL, Object(Config\Cache), false)
#4 C:\xampp\htdocs\public\index.php(45): CodeIgniter\CodeIgniter->run()
#5 {main}
CRITICAL - 2020-10-20 03:14:16 --> auth filter must have a matching alias defined.
#0 C:\xampp\htdocs\system\Filters\Filters.php(324): CodeIgniter\Filters\Exceptions\FilterException::forNoAlias('auth')
#1 C:\xampp\htdocs\system\CodeIgniter.php(373): CodeIgniter\Filters\Filters->enableFilter('auth', 'before')
#2 C:\xampp\htdocs\system\CodeIgniter.php(312): CodeIgniter\CodeIgniter->handleRequest(NULL, Object(Config\Cache), false)
#3 C:\xampp\htdocs\public\index.php(45): CodeIgniter\CodeIgniter->run()
#4 {main}
CRITICAL - 2020-10-20 03:15:27 --> Declaration of App\Filters\Auth::before(CodeIgniter\HTTP\RequestInterface $request) must be compatible with CodeIgniter\Filters\FilterInterface::before(CodeIgniter\HTTP\RequestInterface $request, $arguments = NULL)
#0 [internal function]: CodeIgniter\Debug\Exceptions->shutdownHandler()
#1 {main}
CRITICAL - 2020-10-20 03:16:00 --> Declaration of App\Filters\Noauth::before(CodeIgniter\HTTP\RequestInterface $request) must be compatible with CodeIgniter\Filters\FilterInterface::before(CodeIgniter\HTTP\RequestInterface $request, $arguments = NULL)
#0 [internal function]: CodeIgniter\Debug\Exceptions->shutdownHandler()
#1 {main}
CRITICAL - 2020-10-20 03:18:00 --> Declaration of App\Filters\Noauth::before(CodeIgniter\HTTP\RequestInterface $request) must be compatible with CodeIgniter\Filters\FilterInterface::before(CodeIgniter\HTTP\RequestInterface $request, $arguments = NULL)
#0 [internal function]: CodeIgniter\Debug\Exceptions->shutdownHandler()
#1 {main}
CRITICAL - 2020-10-20 03:18:14 --> Declaration of App\Filters\Noauth::before(CodeIgniter\HTTP\RequestInterface $request) must be compatible with CodeIgniter\Filters\FilterInterface::before(CodeIgniter\HTTP\RequestInterface $request, $arguments = NULL)
#0 [internal function]: CodeIgniter\Debug\Exceptions->shutdownHandler()
#1 {main}
CRITICAL - 2020-10-20 03:18:50 --> Declaration of App\Filters\Auth::before(CodeIgniter\HTTP\RequestInterface $request) must be compatible with CodeIgniter\Filters\FilterInterface::before(CodeIgniter\HTTP\RequestInterface $request, $arguments = NULL)
#0 [internal function]: CodeIgniter\Debug\Exceptions->shutdownHandler()
#1 {main}
CRITICAL - 2020-10-20 03:18:51 --> Declaration of App\Filters\Auth::before(CodeIgniter\HTTP\RequestInterface $request) must be compatible with CodeIgniter\Filters\FilterInterface::before(CodeIgniter\HTTP\RequestInterface $request, $arguments = NULL)
#0 [internal function]: CodeIgniter\Debug\Exceptions->shutdownHandler()
#1 {main}
CRITICAL - 2020-10-20 03:18:51 --> Declaration of App\Filters\Auth::before(CodeIgniter\HTTP\RequestInterface $request) must be compatible with CodeIgniter\Filters\FilterInterface::before(CodeIgniter\HTTP\RequestInterface $request, $arguments = NULL)
#0 [internal function]: CodeIgniter\Debug\Exceptions->shutdownHandler()
#1 {main}
CRITICAL - 2020-10-20 03:26:52 --> Declaration of App\Filters\Auth::before(CodeIgniter\HTTP\RequestInterface $request) must be compatible with CodeIgniter\Filters\FilterInterface::before(CodeIgniter\HTTP\RequestInterface $request, $arguments = NULL)
#0 [internal function]: CodeIgniter\Debug\Exceptions->shutdownHandler()
#1 {main}
CRITICAL - 2020-10-20 03:28:02 --> Declaration of App\Filters\Auth::after(CodeIgniter\HTTP\RequestInterface $request, CodeIgniter\HTTP\ResponseInterface $response) must be compatible with CodeIgniter\Filters\FilterInterface::after(CodeIgniter\HTTP\RequestInterface $request, CodeIgniter\HTTP\ResponseInterface $response, $arguments = NULL)
#0 [internal function]: CodeIgniter\Debug\Exceptions->shutdownHandler()
#1 {main}
CRITICAL - 2020-10-20 04:39:23 --> Class 'App\Models\HospitalModel' not found
#0 C:\xampp\htdocs\system\CodeIgniter.php(918): App\Controllers\Hospital->index()
#1 C:\xampp\htdocs\system\CodeIgniter.php(404): CodeIgniter\CodeIgniter->runController(Object(App\Controllers\Hospital))
#2 C:\xampp\htdocs\system\CodeIgniter.php(312): CodeIgniter\CodeIgniter->handleRequest(NULL, Object(Config\Cache), false)
#3 C:\xampp\htdocs\public\index.php(45): CodeIgniter\CodeIgniter->run()
#4 {main}
CRITICAL - 2020-10-20 06:41:25 --> Undefined property: App\Controllers\Hospital::$form_validation
#0 C:\xampp\htdocs\app\Controllers\Hospital.php(93): CodeIgniter\Debug\Exceptions->errorHandler(8, 'Undefined prope...', 'C:\\xampp\\htdocs...', 93, Array)
#1 C:\xampp\htdocs\system\CodeIgniter.php(918): App\Controllers\Hospital->hregister()
#2 C:\xampp\htdocs\system\CodeIgniter.php(404): CodeIgniter\CodeIgniter->runController(Object(App\Controllers\Hospital))
#3 C:\xampp\htdocs\system\CodeIgniter.php(312): CodeIgniter\CodeIgniter->handleRequest(NULL, Object(Config\Cache), false)
#4 C:\xampp\htdocs\public\index.php(45): CodeIgniter\CodeIgniter->run()
#5 {main}
CRITICAL - 2020-10-20 06:42:05 --> Undefined property: App\Controllers\Hospital::$validate
#0 C:\xampp\htdocs\app\Controllers\Hospital.php(93): CodeIgniter\Debug\Exceptions->errorHandler(8, 'Undefined prope...', 'C:\\xampp\\htdocs...', 93, Array)
#1 C:\xampp\htdocs\system\CodeIgniter.php(918): App\Controllers\Hospital->hregister()
#2 C:\xampp\htdocs\system\CodeIgniter.php(404): CodeIgniter\CodeIgniter->runController(Object(App\Controllers\Hospital))
#3 C:\xampp\htdocs\system\CodeIgniter.php(312): CodeIgniter\CodeIgniter->handleRequest(NULL, Object(Config\Cache), false)
#4 C:\xampp\htdocs\public\index.php(45): CodeIgniter\CodeIgniter->run()
#5 {main}
CRITICAL - 2020-10-20 06:42:19 --> Undefined property: App\Controllers\Hospital::$form_validation
#0 C:\xampp\htdocs\app\Controllers\Hospital.php(93): CodeIgniter\Debug\Exceptions->errorHandler(8, 'Undefined prope...', 'C:\\xampp\\htdocs...', 93, Array)
#1 C:\xampp\htdocs\system\CodeIgniter.php(918): App\Controllers\Hospital->hregister()
#2 C:\xampp\htdocs\system\CodeIgniter.php(404): CodeIgniter\CodeIgniter->runController(Object(App\Controllers\Hospital))
#3 C:\xampp\htdocs\system\CodeIgniter.php(312): CodeIgniter\CodeIgniter->handleRequest(NULL, Object(Config\Cache), false)
#4 C:\xampp\htdocs\public\index.php(45): CodeIgniter\CodeIgniter->run()
#5 {main}
CRITICAL - 2020-10-20 06:43:01 --> Undefined property: App\Controllers\Hospital::$hregister
#0 C:\xampp\htdocs\app\Controllers\Hospital.php(93): CodeIgniter\Debug\Exceptions->errorHandler(8, 'Undefined prope...', 'C:\\xampp\\htdocs...', 93, Array)
#1 C:\xampp\htdocs\system\CodeIgniter.php(918): App\Controllers\Hospital->hregister()
#2 C:\xampp\htdocs\system\CodeIgniter.php(404): CodeIgniter\CodeIgniter->runController(Object(App\Controllers\Hospital))
#3 C:\xampp\htdocs\system\CodeIgniter.php(312): CodeIgniter\CodeIgniter->handleRequest(NULL, Object(Config\Cache), false)
#4 C:\xampp\htdocs\public\index.php(45): CodeIgniter\CodeIgniter->run()
#5 {main}
CRITICAL - 2020-10-20 06:43:23 --> Undefined property: App\Controllers\Hospital::$rules
#0 C:\xampp\htdocs\app\Controllers\Hospital.php(93): CodeIgniter\Debug\Exceptions->errorHandler(8, 'Undefined prope...', 'C:\\xampp\\htdocs...', 93, Array)
#1 C:\xampp\htdocs\system\CodeIgniter.php(918): App\Controllers\Hospital->hregister()
#2 C:\xampp\htdocs\system\CodeIgniter.php(404): CodeIgniter\CodeIgniter->runController(Object(App\Controllers\Hospital))
#3 C:\xampp\htdocs\system\CodeIgniter.php(312): CodeIgniter\CodeIgniter->handleRequest(NULL, Object(Config\Cache), false)
#4 C:\xampp\htdocs\public\index.php(45): CodeIgniter\CodeIgniter->run()
#5 {main}
CRITICAL - 2020-10-20 06:43:34 --> Array to string conversion
#0 C:\xampp\htdocs\app\Controllers\Hospital.php(93): CodeIgniter\Debug\Exceptions->errorHandler(8, 'Array to string...', 'C:\\xampp\\htdocs...', 93, Array)
#1 C:\xampp\htdocs\system\CodeIgniter.php(918): App\Controllers\Hospital->hregister()
#2 C:\xampp\htdocs\system\CodeIgniter.php(404): CodeIgniter\CodeIgniter->runController(Object(App\Controllers\Hospital))
#3 C:\xampp\htdocs\system\CodeIgniter.php(312): CodeIgniter\CodeIgniter->handleRequest(NULL, Object(Config\Cache), false)
#4 C:\xampp\htdocs\public\index.php(45): CodeIgniter\CodeIgniter->run()
#5 {main}
CRITICAL - 2020-10-20 06:43:55 --> Use of undefined constant one - assumed 'one' (this will throw an Error in a future version of PHP)
#0 C:\xampp\htdocs\app\Controllers\Hospital.php(93): CodeIgniter\Debug\Exceptions->errorHandler(2, 'Use of undefine...', 'C:\\xampp\\htdocs...', 93, Array)
#1 C:\xampp\htdocs\system\CodeIgniter.php(918): App\Controllers\Hospital->hregister()
#2 C:\xampp\htdocs\system\CodeIgniter.php(404): CodeIgniter\CodeIgniter->runController(Object(App\Controllers\Hospital))
#3 C:\xampp\htdocs\system\CodeIgniter.php(312): CodeIgniter\CodeIgniter->handleRequest(NULL, Object(Config\Cache), false)
#4 C:\xampp\htdocs\public\index.php(45): CodeIgniter\CodeIgniter->run()
#5 {main}
CRITICAL - 2020-10-20 06:44:02 --> Array to string conversion
#0 C:\xampp\htdocs\app\Controllers\Hospital.php(93): CodeIgniter\Debug\Exceptions->errorHandler(8, 'Array to string...', 'C:\\xampp\\htdocs...', 93, Array)
#1 C:\xampp\htdocs\system\CodeIgniter.php(918): App\Controllers\Hospital->hregister()
#2 C:\xampp\htdocs\system\CodeIgniter.php(404): CodeIgniter\CodeIgniter->runController(Object(App\Controllers\Hospital))
#3 C:\xampp\htdocs\system\CodeIgniter.php(312): CodeIgniter\CodeIgniter->handleRequest(NULL, Object(Config\Cache), false)
#4 C:\xampp\htdocs\public\index.php(45): CodeIgniter\CodeIgniter->run()
#5 {main}
CRITICAL - 2020-10-20 06:55:20 --> Class 'App\Models\HospitalModel' not found
#0 C:\xampp\htdocs\system\CodeIgniter.php(918): App\Controllers\Hospital->hregister()
#1 C:\xampp\htdocs\system\CodeIgniter.php(404): CodeIgniter\CodeIgniter->runController(Object(App\Controllers\Hospital))
#2 C:\xampp\htdocs\system\CodeIgniter.php(312): CodeIgniter\CodeIgniter->handleRequest(NULL, Object(Config\Cache), false)
#3 C:\xampp\htdocs\public\index.php(45): CodeIgniter\CodeIgniter->run()
#4 {main}
CRITICAL - 2020-10-20 06:56:24 --> Class 'App\Models\HospitalModel' not found
#0 C:\xampp\htdocs\system\CodeIgniter.php(918): App\Controllers\Hospital->hregister()
#1 C:\xampp\htdocs\system\CodeIgniter.php(404): CodeIgniter\CodeIgniter->runController(Object(App\Controllers\Hospital))
#2 C:\xampp\htdocs\system\CodeIgniter.php(312): CodeIgniter\CodeIgniter->handleRequest(NULL, Object(Config\Cache), false)
#3 C:\xampp\htdocs\public\index.php(45): CodeIgniter\CodeIgniter->run()
#4 {main}
CRITICAL - 2020-10-20 06:56:26 --> Class 'App\Models\HospitalModel' not found
#0 C:\xampp\htdocs\system\CodeIgniter.php(918): App\Controllers\Hospital->hregister()
#1 C:\xampp\htdocs\system\CodeIgniter.php(404): CodeIgniter\CodeIgniter->runController(Object(App\Controllers\Hospital))
#2 C:\xampp\htdocs\system\CodeIgniter.php(312): CodeIgniter\CodeIgniter->handleRequest(NULL, Object(Config\Cache), false)
#3 C:\xampp\htdocs\public\index.php(45): CodeIgniter\CodeIgniter->run()
#4 {main}
CRITICAL - 2020-10-20 07:04:01 --> Class 'App\Models\HospitalModel' not found
#0 C:\xampp\htdocs\system\CodeIgniter.php(918): App\Controllers\Hospital->hregister()
#1 C:\xampp\htdocs\system\CodeIgniter.php(404): CodeIgniter\CodeIgniter->runController(Object(App\Controllers\Hospital))
#2 C:\xampp\htdocs\system\CodeIgniter.php(312): CodeIgniter\CodeIgniter->handleRequest(NULL, Object(Config\Cache), false)
#3 C:\xampp\htdocs\public\index.php(45): CodeIgniter\CodeIgniter->run()
#4 {main}
CRITICAL - 2020-10-20 07:04:42 --> Call to undefined method App\Controllers\Hospital::save()
#0 C:\xampp\htdocs\system\CodeIgniter.php(918): App\Controllers\Hospital->hregister()
#1 C:\xampp\htdocs\system\CodeIgniter.php(404): CodeIgniter\CodeIgniter->runController(Object(App\Controllers\Hospital))
#2 C:\xampp\htdocs\system\CodeIgniter.php(312): CodeIgniter\CodeIgniter->handleRequest(NULL, Object(Config\Cache), false)
#3 C:\xampp\htdocs\public\index.php(45): CodeIgniter\CodeIgniter->run()
#4 {main}
CRITICAL - 2020-10-20 07:07:55 --> Cannot declare class App\Controllers\Hospital because the name is already in use
#0 [internal function]: CodeIgniter\Debug\Exceptions->shutdownHandler()
#1 {main}
CRITICAL - 2020-10-20 07:09:14 --> Call to undefined method App\Controllers\Hospital::save()
#0 C:\xampp\htdocs\system\CodeIgniter.php(918): App\Controllers\Hospital->hregister()
#1 C:\xampp\htdocs\system\CodeIgniter.php(404): CodeIgniter\CodeIgniter->runController(Object(App\Controllers\Hospital))
#2 C:\xampp\htdocs\system\CodeIgniter.php(312): CodeIgniter\CodeIgniter->handleRequest(NULL, Object(Config\Cache), false)
#3 C:\xampp\htdocs\public\index.php(45): CodeIgniter\CodeIgniter->run()
#4 {main}
CRITICAL - 2020-10-20 07:21:33 --> hauth filter must have a matching alias defined.
#0 C:\xampp\htdocs\system\Filters\Filters.php(324): CodeIgniter\Filters\Exceptions\FilterException::forNoAlias('hauth')
#1 C:\xampp\htdocs\system\CodeIgniter.php(373): CodeIgniter\Filters\Filters->enableFilter('hauth', 'before')
#2 C:\xampp\htdocs\system\CodeIgniter.php(312): CodeIgniter\CodeIgniter->handleRequest(NULL, Object(Config\Cache), false)
#3 C:\xampp\htdocs\public\index.php(45): CodeIgniter\CodeIgniter->run()
#4 {main}
CRITICAL - 2020-10-20 07:21:36 --> hauth filter must have a matching alias defined.
#0 C:\xampp\htdocs\system\Filters\Filters.php(324): CodeIgniter\Filters\Exceptions\FilterException::forNoAlias('hauth')
#1 C:\xampp\htdocs\system\CodeIgniter.php(373): CodeIgniter\Filters\Filters->enableFilter('hauth', 'before')
#2 C:\xampp\htdocs\system\CodeIgniter.php(312): CodeIgniter\CodeIgniter->handleRequest(NULL, Object(Config\Cache), false)
#3 C:\xampp\htdocs\public\index.php(45): CodeIgniter\CodeIgniter->run()
#4 {main}
CRITICAL - 2020-10-20 07:23:00 --> hauth filter must have a matching alias defined.
#0 C:\xampp\htdocs\system\Filters\Filters.php(324): CodeIgniter\Filters\Exceptions\FilterException::forNoAlias('hauth')
#1 C:\xampp\htdocs\system\CodeIgniter.php(373): CodeIgniter\Filters\Filters->enableFilter('hauth', 'before')
#2 C:\xampp\htdocs\system\CodeIgniter.php(312): CodeIgniter\CodeIgniter->handleRequest(NULL, Object(Config\Cache), false)
#3 C:\xampp\htdocs\public\index.php(45): CodeIgniter\CodeIgniter->run()
#4 {main}
CRITICAL - 2020-10-20 07:23:18 --> hauth filter must have a matching alias defined.
#0 C:\xampp\htdocs\system\Filters\Filters.php(324): CodeIgniter\Filters\Exceptions\FilterException::forNoAlias('hauth')
#1 C:\xampp\htdocs\system\CodeIgniter.php(373): CodeIgniter\Filters\Filters->enableFilter('hauth', 'before')
#2 C:\xampp\htdocs\system\CodeIgniter.php(312): CodeIgniter\CodeIgniter->handleRequest(NULL, Object(Config\Cache), false)
#3 C:\xampp\htdocs\public\index.php(45): CodeIgniter\CodeIgniter->run()
#4 {main}
CRITICAL - 2020-10-20 07:34:44 --> Trying to access array offset on value of type null
#0 C:\xampp\htdocs\app\Views\hpages\hprofile.php(29): CodeIgniter\Debug\Exceptions->errorHandler(8, 'Trying to acces...', 'C:\\xampp\\htdocs...', 29, Array)
#1 C:\xampp\htdocs\system\View\View.php(246): include('C:\\xampp\\htdocs...')
#2 C:\xampp\htdocs\system\Common.php(1119): CodeIgniter\View\View->render('hpages/hprofile', Array, true)
#3 C:\xampp\htdocs\app\Controllers\Hospital.php(139): view('hpages/hprofile')
#4 C:\xampp\htdocs\system\CodeIgniter.php(918): App\Controllers\Hospital->hprofile()
#5 C:\xampp\htdocs\system\CodeIgniter.php(404): CodeIgniter\CodeIgniter->runController(Object(App\Controllers\Hospital))
#6 C:\xampp\htdocs\system\CodeIgniter.php(312): CodeIgniter\CodeIgniter->handleRequest(NULL, Object(Config\Cache), false)
#7 C:\xampp\htdocs\public\index.php(45): CodeIgniter\CodeIgniter->run()
#8 {main}
CRITICAL - 2020-10-20 07:36:20 --> Trying to access array offset on value of type null
#0 C:\xampp\htdocs\app\Views\hpages\hprofile.php(29): CodeIgniter\Debug\Exceptions->errorHandler(8, 'Trying to acces...', 'C:\\xampp\\htdocs...', 29, Array)
#1 C:\xampp\htdocs\system\View\View.php(246): include('C:\\xampp\\htdocs...')
#2 C:\xampp\htdocs\system\Common.php(1119): CodeIgniter\View\View->render('hpages/hprofile', Array, true)
#3 C:\xampp\htdocs\app\Controllers\Hospital.php(139): view('hpages/hprofile')
#4 C:\xampp\htdocs\system\CodeIgniter.php(918): App\Controllers\Hospital->hprofile()
#5 C:\xampp\htdocs\system\CodeIgniter.php(404): CodeIgniter\CodeIgniter->runController(Object(App\Controllers\Hospital))
#6 C:\xampp\htdocs\system\CodeIgniter.php(312): CodeIgniter\CodeIgniter->handleRequest(NULL, Object(Config\Cache), false)
#7 C:\xampp\htdocs\public\index.php(45): CodeIgniter\CodeIgniter->run()
#8 {main}
CRITICAL - 2020-10-20 07:37:04 --> Undefined variable: data
#0 C:\xampp\htdocs\app\Views\hpages\hprofile.php(29): CodeIgniter\Debug\Exceptions->errorHandler(8, 'Undefined varia...', 'C:\\xampp\\htdocs...', 29, Array)
#1 C:\xampp\htdocs\system\View\View.php(246): include('C:\\xampp\\htdocs...')
#2 C:\xampp\htdocs\system\Common.php(1119): CodeIgniter\View\View->render('hpages/hprofile', Array, true)
#3 C:\xampp\htdocs\app\Controllers\Hospital.php(139): view('hpages/hprofile')
#4 C:\xampp\htdocs\system\CodeIgniter.php(918): App\Controllers\Hospital->hprofile()
#5 C:\xampp\htdocs\system\CodeIgniter.php(404): CodeIgniter\CodeIgniter->runController(Object(App\Controllers\Hospital))
#6 C:\xampp\htdocs\system\CodeIgniter.php(312): CodeIgniter\CodeIgniter->handleRequest(NULL, Object(Config\Cache), false)
#7 C:\xampp\htdocs\public\index.php(45): CodeIgniter\CodeIgniter->run()
#8 {main}
CRITICAL - 2020-10-20 07:37:11 --> Trying to access array offset on value of type null
#0 C:\xampp\htdocs\app\Views\hpages\hprofile.php(29): CodeIgniter\Debug\Exceptions->errorHandler(8, 'Trying to acces...', 'C:\\xampp\\htdocs...', 29, Array)
#1 C:\xampp\htdocs\system\View\View.php(246): include('C:\\xampp\\htdocs...')
#2 C:\xampp\htdocs\system\Common.php(1119): CodeIgniter\View\View->render('hpages/hprofile', Array, true)
#3 C:\xampp\htdocs\app\Controllers\Hospital.php(139): view('hpages/hprofile')
#4 C:\xampp\htdocs\system\CodeIgniter.php(918): App\Controllers\Hospital->hprofile()
#5 C:\xampp\htdocs\system\CodeIgniter.php(404): CodeIgniter\CodeIgniter->runController(Object(App\Controllers\Hospital))
#6 C:\xampp\htdocs\system\CodeIgniter.php(312): CodeIgniter\CodeIgniter->handleRequest(NULL, Object(Config\Cache), false)
#7 C:\xampp\htdocs\public\index.php(45): CodeIgniter\CodeIgniter->run()
#8 {main}
CRITICAL - 2020-10-20 07:37:37 --> Trying to access array offset on value of type null
#0 C:\xampp\htdocs\app\Views\hpages\hprofile.php(29): CodeIgniter\Debug\Exceptions->errorHandler(8, 'Trying to acces...', 'C:\\xampp\\htdocs...', 29, Array)
#1 C:\xampp\htdocs\system\View\View.php(246): include('C:\\xampp\\htdocs...')
#2 C:\xampp\htdocs\system\Common.php(1119): CodeIgniter\View\View->render('hpages/hprofile', Array, true)
#3 C:\xampp\htdocs\app\Controllers\Hospital.php(139): view('hpages/hprofile')
#4 C:\xampp\htdocs\system\CodeIgniter.php(918): App\Controllers\Hospital->hprofile()
#5 C:\xampp\htdocs\system\CodeIgniter.php(404): CodeIgniter\CodeIgniter->runController(Object(App\Controllers\Hospital))
#6 C:\xampp\htdocs\system\CodeIgniter.php(312): CodeIgniter\CodeIgniter->handleRequest(NULL, Object(Config\Cache), false)
#7 C:\xampp\htdocs\public\index.php(45): CodeIgniter\CodeIgniter->run()
#8 {main}
CRITICAL - 2020-10-20 07:37:38 --> Trying to access array offset on value of type null
#0 C:\xampp\htdocs\app\Views\hpages\hprofile.php(29): CodeIgniter\Debug\Exceptions->errorHandler(8, 'Trying to acces...', 'C:\\xampp\\htdocs...', 29, Array)
#1 C:\xampp\htdocs\system\View\View.php(246): include('C:\\xampp\\htdocs...')
#2 C:\xampp\htdocs\system\Common.php(1119): CodeIgniter\View\View->render('hpages/hprofile', Array, true)
#3 C:\xampp\htdocs\app\Controllers\Hospital.php(139): view('hpages/hprofile')
#4 C:\xampp\htdocs\system\CodeIgniter.php(918): App\Controllers\Hospital->hprofile()
#5 C:\xampp\htdocs\system\CodeIgniter.php(404): CodeIgniter\CodeIgniter->runController(Object(App\Controllers\Hospital))
#6 C:\xampp\htdocs\system\CodeIgniter.php(312): CodeIgniter\CodeIgniter->handleRequest(NULL, Object(Config\Cache), false)
#7 C:\xampp\htdocs\public\index.php(45): CodeIgniter\CodeIgniter->run()
#8 {main}
CRITICAL - 2020-10-20 10:21:06 --> Undefined index: age
#0 C:\xampp\htdocs\app\Views\hpages\hprofile.php(33): CodeIgniter\Debug\Exceptions->errorHandler(8, 'Undefined index...', 'C:\\xampp\\htdocs...', 33, Array)
#1 C:\xampp\htdocs\system\View\View.php(246): include('C:\\xampp\\htdocs...')
#2 C:\xampp\htdocs\system\Common.php(1119): CodeIgniter\View\View->render('hpages/hprofile', Array, true)
#3 C:\xampp\htdocs\app\Controllers\Hospital.php(139): view('hpages/hprofile')
#4 C:\xampp\htdocs\system\CodeIgniter.php(918): App\Controllers\Hospital->hprofile()
#5 C:\xampp\htdocs\system\CodeIgniter.php(404): CodeIgniter\CodeIgniter->runController(Object(App\Controllers\Hospital))
#6 C:\xampp\htdocs\system\CodeIgniter.php(312): CodeIgniter\CodeIgniter->handleRequest(NULL, Object(Config\Cache), false)
#7 C:\xampp\htdocs\public\index.php(45): CodeIgniter\CodeIgniter->run()
#8 {main}
CRITICAL - 2020-10-20 10:24:23 --> Undefined index: gender
#0 C:\xampp\htdocs\app\Views\hpages\hupdateprofile.php(23): CodeIgniter\Debug\Exceptions->errorHandler(8, 'Undefined index...', 'C:\\xampp\\htdocs...', 23, Array)
#1 C:\xampp\htdocs\system\View\View.php(246): include('C:\\xampp\\htdocs...')
#2 C:\xampp\htdocs\system\Common.php(1119): CodeIgniter\View\View->render('hpages/hupdatep...', Array, true)
#3 C:\xampp\htdocs\app\Controllers\Hospital.php(205): view('hpages/hupdatep...')
#4 C:\xampp\htdocs\system\CodeIgniter.php(918): App\Controllers\Hospital->hUpdateprofile()
#5 C:\xampp\htdocs\system\CodeIgniter.php(404): CodeIgniter\CodeIgniter->runController(Object(App\Controllers\Hospital))
#6 C:\xampp\htdocs\system\CodeIgniter.php(312): CodeIgniter\CodeIgniter->handleRequest(NULL, Object(Config\Cache), false)
#7 C:\xampp\htdocs\public\index.php(45): CodeIgniter\CodeIgniter->run()
#8 {main}
CRITICAL - 2020-10-20 11:29:12 --> Trying to access array offset on value of type null
#0 C:\xampp\htdocs\app\Views\pages\updateprofile.php(13): CodeIgniter\Debug\Exceptions->errorHandler(8, 'Trying to acces...', 'C:\\xampp\\htdocs...', 13, Array)
#1 C:\xampp\htdocs\system\View\View.php(246): include('C:\\xampp\\htdocs...')
#2 C:\xampp\htdocs\system\Common.php(1119): CodeIgniter\View\View->render('pages/updatepro...', Array, true)
#3 C:\xampp\htdocs\app\Controllers\User_R.php(176): view('pages/updatepro...')
#4 C:\xampp\htdocs\system\CodeIgniter.php(918): App\Controllers\User_R->Updateprofile()
#5 C:\xampp\htdocs\system\CodeIgniter.php(404): CodeIgniter\CodeIgniter->runController(Object(App\Controllers\User_R))
#6 C:\xampp\htdocs\system\CodeIgniter.php(312): CodeIgniter\CodeIgniter->handleRequest(NULL, Object(Config\Cache), false)
#7 C:\xampp\htdocs\public\index.php(45): CodeIgniter\CodeIgniter->run()
#8 {main}
CRITICAL - 2020-10-20 12:21:24 --> Invalid file: /loginask.php
#0 C:\xampp\htdocs\system\View\View.php(228): CodeIgniter\Exceptions\FrameworkException::forInvalidFile('/loginask.php')
#1 C:\xampp\htdocs\system\Common.php(1119): CodeIgniter\View\View->render('/loginask', Array, true)
#2 C:\xampp\htdocs\app\Views\pages\home.php(12): view('/loginask')
#3 C:\xampp\htdocs\system\View\View.php(246): include('C:\\xampp\\htdocs...')
#4 C:\xampp\htdocs\system\Common.php(1119): CodeIgniter\View\View->render('pages/home', Array, true)
#5 C:\xampp\htdocs\app\Controllers\Pages.php(10): view('pages/home')
#6 C:\xampp\htdocs\system\CodeIgniter.php(918): App\Controllers\Pages->index()
#7 C:\xampp\htdocs\system\CodeIgniter.php(404): CodeIgniter\CodeIgniter->runController(Object(App\Controllers\Pages))
#8 C:\xampp\htdocs\system\CodeIgniter.php(312): CodeIgniter\CodeIgniter->handleRequest(NULL, Object(Config\Cache), false)
#9 C:\xampp\htdocs\public\index.php(45): CodeIgniter\CodeIgniter->run()
#10 {main}
CRITICAL - 2020-10-20 13:21:13 --> Invalid file: /loginask.php
#0 C:\xampp\htdocs\system\View\View.php(228): CodeIgniter\Exceptions\FrameworkException::forInvalidFile('/loginask.php')
#1 C:\xampp\htdocs\system\Common.php(1119): CodeIgniter\View\View->render('/loginask', Array, true)
#2 C:\xampp\htdocs\app\Views\pages\home.php(12): view('/loginask')
#3 C:\xampp\htdocs\system\View\View.php(246): include('C:\\xampp\\htdocs...')
#4 C:\xampp\htdocs\system\Common.php(1119): CodeIgniter\View\View->render('pages/home', Array, true)
#5 C:\xampp\htdocs\app\Controllers\Pages.php(10): view('pages/home')
#6 C:\xampp\htdocs\system\CodeIgniter.php(918): App\Controllers\Pages->index()
#7 C:\xampp\htdocs\system\CodeIgniter.php(404): CodeIgniter\CodeIgniter->runController(Object(App\Controllers\Pages))
#8 C:\xampp\htdocs\system\CodeIgniter.php(312): CodeIgniter\CodeIgniter->handleRequest(NULL, Object(Config\Cache), false)
#9 C:\xampp\htdocs\public\index.php(45): CodeIgniter\CodeIgniter->run()
#10 {main}
CRITICAL - 2020-10-20 13:26:47 --> Object of class mysqli_result could not be converted to string
#0 C:\xampp\htdocs\system\View\View.php(246): include()
#1 C:\xampp\htdocs\system\Common.php(1119): CodeIgniter\View\View->render('templates/blood...', Array, true)
#2 C:\xampp\htdocs\app\Views\pages\home.php(12): view('templates/blood...')
#3 C:\xampp\htdocs\system\View\View.php(246): include('C:\\xampp\\htdocs...')
#4 C:\xampp\htdocs\system\Common.php(1119): CodeIgniter\View\View->render('pages/home', Array, true)
#5 C:\xampp\htdocs\app\Controllers\Pages.php(10): view('pages/home')
#6 C:\xampp\htdocs\system\CodeIgniter.php(918): App\Controllers\Pages->index()
#7 C:\xampp\htdocs\system\CodeIgniter.php(404): CodeIgniter\CodeIgniter->runController(Object(App\Controllers\Pages))
#8 C:\xampp\htdocs\system\CodeIgniter.php(312): CodeIgniter\CodeIgniter->handleRequest(NULL, Object(Config\Cache), false)
#9 C:\xampp\htdocs\public\index.php(45): CodeIgniter\CodeIgniter->run()
#10 {main}
CRITICAL - 2020-10-20 13:27:01 --> Cannot use [] for reading
#0 [internal function]: CodeIgniter\Debug\Exceptions->shutdownHandler()
#1 {main}
CRITICAL - 2020-10-20 13:27:14 --> Function name must be a string
#0 C:\xampp\htdocs\system\View\View.php(246): include()
#1 C:\xampp\htdocs\system\Common.php(1119): CodeIgniter\View\View->render('templates/blood...', Array, true)
#2 C:\xampp\htdocs\app\Views\pages\home.php(12): view('templates/blood...')
#3 C:\xampp\htdocs\system\View\View.php(246): include('C:\\xampp\\htdocs...')
#4 C:\xampp\htdocs\system\Common.php(1119): CodeIgniter\View\View->render('pages/home', Array, true)
#5 C:\xampp\htdocs\app\Controllers\Pages.php(10): view('pages/home')
#6 C:\xampp\htdocs\system\CodeIgniter.php(918): App\Controllers\Pages->index()
#7 C:\xampp\htdocs\system\CodeIgniter.php(404): CodeIgniter\CodeIgniter->runController(Object(App\Controllers\Pages))
#8 C:\xampp\htdocs\system\CodeIgniter.php(312): CodeIgniter\CodeIgniter->handleRequest(NULL, Object(Config\Cache), false)
#9 C:\xampp\htdocs\public\index.php(45): CodeIgniter\CodeIgniter->run()
#10 {main}
CRITICAL - 2020-10-20 13:28:15 --> Use of undefined constant result - assumed 'result' (this will throw an Error in a future version of PHP)
#0 C:\xampp\htdocs\app\Views\templates\bloodunits.php(17): CodeIgniter\Debug\Exceptions->errorHandler(2, 'Use of undefine...', 'C:\\xampp\\htdocs...', 17, Array)
#1 C:\xampp\htdocs\system\View\View.php(246): include('C:\\xampp\\htdocs...')
#2 C:\xampp\htdocs\system\Common.php(1119): CodeIgniter\View\View->render('templates/blood...', Array, true)
#3 C:\xampp\htdocs\app\Views\pages\home.php(12): view('templates/blood...')
#4 C:\xampp\htdocs\system\View\View.php(246): include('C:\\xampp\\htdocs...')
#5 C:\xampp\htdocs\system\Common.php(1119): CodeIgniter\View\View->render('pages/home', Array, true)
#6 C:\xampp\htdocs\app\Controllers\Pages.php(10): view('pages/home')
#7 C:\xampp\htdocs\system\CodeIgniter.php(918): App\Controllers\Pages->index()
#8 C:\xampp\htdocs\system\CodeIgniter.php(404): CodeIgniter\CodeIgniter->runController(Object(App\Controllers\Pages))
#9 C:\xampp\htdocs\system\CodeIgniter.php(312): CodeIgniter\CodeIgniter->handleRequest(NULL, Object(Config\Cache), false)
#10 C:\xampp\htdocs\public\index.php(45): CodeIgniter\CodeIgniter->run()
#11 {main}
CRITICAL - 2020-10-20 13:28:28 --> Use of undefined constant result - assumed 'result' (this will throw an Error in a future version of PHP)
#0 C:\xampp\htdocs\app\Views\templates\bloodunits.php(17): CodeIgniter\Debug\Exceptions->errorHandler(2, 'Use of undefine...', 'C:\\xampp\\htdocs...', 17, Array)
#1 C:\xampp\htdocs\system\View\View.php(246): include('C:\\xampp\\htdocs...')
#2 C:\xampp\htdocs\system\Common.php(1119): CodeIgniter\View\View->render('templates/blood...', Array, true)
#3 C:\xampp\htdocs\app\Views\pages\home.php(12): view('templates/blood...')
#4 C:\xampp\htdocs\system\View\View.php(246): include('C:\\xampp\\htdocs...')
#5 C:\xampp\htdocs\system\Common.php(1119): CodeIgniter\View\View->render('pages/home', Array, true)
#6 C:\xampp\htdocs\app\Controllers\Pages.php(10): view('pages/home')
#7 C:\xampp\htdocs\system\CodeIgniter.php(918): App\Controllers\Pages->index()
#8 C:\xampp\htdocs\system\CodeIgniter.php(404): CodeIgniter\CodeIgniter->runController(Object(App\Controllers\Pages))
#9 C:\xampp\htdocs\system\CodeIgniter.php(312): CodeIgniter\CodeIgniter->handleRequest(NULL, Object(Config\Cache), false)
#10 C:\xampp\htdocs\public\index.php(45): CodeIgniter\CodeIgniter->run()
#11 {main}
CRITICAL - 2020-10-20 13:31:51 --> mysqli::__construct(): (HY000/1049): Unknown database 'u224459111_bbs'
#0 [internal function]: CodeIgniter\Debug\Exceptions->errorHandler(2, 'mysqli::__const...', 'C:\\xampp\\htdocs...', 8, Array)
#1 C:\xampp\htdocs\app\Views\templates\bloodunits.php(8): mysqli->__construct('localhost', 'root', '', 'u224459111_bbs')
#2 C:\xampp\htdocs\system\View\View.php(246): include('C:\\xampp\\htdocs...')
#3 C:\xampp\htdocs\system\Common.php(1119): CodeIgniter\View\View->render('templates/blood...', Array, true)
#4 C:\xampp\htdocs\app\Views\pages\home.php(12): view('templates/blood...')
#5 C:\xampp\htdocs\system\View\View.php(246): include('C:\\xampp\\htdocs...')
#6 C:\xampp\htdocs\system\Common.php(1119): CodeIgniter\View\View->render('pages/home', Array, true)
#7 C:\xampp\htdocs\app\Controllers\Pages.php(10): view('pages/home')
#8 C:\xampp\htdocs\system\CodeIgniter.php(918): App\Controllers\Pages->index()
#9 C:\xampp\htdocs\system\CodeIgniter.php(404): CodeIgniter\CodeIgniter->runController(Object(App\Controllers\Pages))
#10 C:\xampp\htdocs\system\CodeIgniter.php(312): CodeIgniter\CodeIgniter->handleRequest(NULL, Object(Config\Cache), false)
#11 C:\xampp\htdocs\public\index.php(45): CodeIgniter\CodeIgniter->run()
#12 {main}
CRITICAL - 2020-10-20 13:37:40 --> Use of undefined constant lengths - assumed 'lengths' (this will throw an Error in a future version of PHP)
#0 C:\xampp\htdocs\app\Views\templates\bloodunits.php(17): CodeIgniter\Debug\Exceptions->errorHandler(2, 'Use of undefine...', 'C:\\xampp\\htdocs...', 17, Array)
#1 C:\xampp\htdocs\system\View\View.php(246): include('C:\\xampp\\htdocs...')
#2 C:\xampp\htdocs\system\Common.php(1119): CodeIgniter\View\View->render('templates/blood...', Array, true)
#3 C:\xampp\htdocs\app\Views\pages\home.php(12): view('templates/blood...')
#4 C:\xampp\htdocs\system\View\View.php(246): include('C:\\xampp\\htdocs...')
#5 C:\xampp\htdocs\system\Common.php(1119): CodeIgniter\View\View->render('pages/home', Array, true)
#6 C:\xampp\htdocs\app\Controllers\Pages.php(10): view('pages/home')
#7 C:\xampp\htdocs\system\CodeIgniter.php(918): App\Controllers\Pages->index()
#8 C:\xampp\htdocs\system\CodeIgniter.php(404): CodeIgniter\CodeIgniter->runController(Object(App\Controllers\Pages))
#9 C:\xampp\htdocs\system\CodeIgniter.php(312): CodeIgniter\CodeIgniter->handleRequest(NULL, Object(Config\Cache), false)
#10 C:\xampp\htdocs\public\index.php(45): CodeIgniter\CodeIgniter->run()
#11 {main}
CRITICAL - 2020-10-20 13:37:59 --> Cannot use object of type mysqli_result as array
#0 C:\xampp\htdocs\system\View\View.php(246): include()
#1 C:\xampp\htdocs\system\Common.php(1119): CodeIgniter\View\View->render('templates/blood...', Array, true)
#2 C:\xampp\htdocs\app\Views\pages\home.php(12): view('templates/blood...')
#3 C:\xampp\htdocs\system\View\View.php(246): include('C:\\xampp\\htdocs...')
#4 C:\xampp\htdocs\system\Common.php(1119): CodeIgniter\View\View->render('pages/home', Array, true)
#5 C:\xampp\htdocs\app\Controllers\Pages.php(10): view('pages/home')
#6 C:\xampp\htdocs\system\CodeIgniter.php(918): App\Controllers\Pages->index()
#7 C:\xampp\htdocs\system\CodeIgniter.php(404): CodeIgniter\CodeIgniter->runController(Object(App\Controllers\Pages))
#8 C:\xampp\htdocs\system\CodeIgniter.php(312): CodeIgniter\CodeIgniter->handleRequest(NULL, Object(Config\Cache), false)
#9 C:\xampp\htdocs\public\index.php(45): CodeIgniter\CodeIgniter->run()
#10 {main}
CRITICAL - 2020-10-20 13:38:41 --> Cannot use object of type mysqli_result as array
#0 C:\xampp\htdocs\system\View\View.php(246): include()
#1 C:\xampp\htdocs\system\Common.php(1119): CodeIgniter\View\View->render('templates/blood...', Array, true)
#2 C:\xampp\htdocs\app\Views\pages\home.php(12): view('templates/blood...')
#3 C:\xampp\htdocs\system\View\View.php(246): include('C:\\xampp\\htdocs...')
#4 C:\xampp\htdocs\system\Common.php(1119): CodeIgniter\View\View->render('pages/home', Array, true)
#5 C:\xampp\htdocs\app\Controllers\Pages.php(10): view('pages/home')
#6 C:\xampp\htdocs\system\CodeIgniter.php(918): App\Controllers\Pages->index()
#7 C:\xampp\htdocs\system\CodeIgniter.php(404): CodeIgniter\CodeIgniter->runController(Object(App\Controllers\Pages))
#8 C:\xampp\htdocs\system\CodeIgniter.php(312): CodeIgniter\CodeIgniter->handleRequest(NULL, Object(Config\Cache), false)
#9 C:\xampp\htdocs\public\index.php(45): CodeIgniter\CodeIgniter->run()
#10 {main}
CRITICAL - 2020-10-20 13:38:51 --> Use of undefined constant field_count - assumed 'field_count' (this will throw an Error in a future version of PHP)
#0 C:\xampp\htdocs\app\Views\templates\bloodunits.php(17): CodeIgniter\Debug\Exceptions->errorHandler(2, 'Use of undefine...', 'C:\\xampp\\htdocs...', 17, Array)
#1 C:\xampp\htdocs\system\View\View.php(246): include('C:\\xampp\\htdocs...')
#2 C:\xampp\htdocs\system\Common.php(1119): CodeIgniter\View\View->render('templates/blood...', Array, true)
#3 C:\xampp\htdocs\app\Views\pages\home.php(12): view('templates/blood...')
#4 C:\xampp\htdocs\system\View\View.php(246): include('C:\\xampp\\htdocs...')
#5 C:\xampp\htdocs\system\Common.php(1119): CodeIgniter\View\View->render('pages/home', Array, true)
#6 C:\xampp\htdocs\app\Controllers\Pages.php(10): view('pages/home')
#7 C:\xampp\htdocs\system\CodeIgniter.php(918): App\Controllers\Pages->index()
#8 C:\xampp\htdocs\system\CodeIgniter.php(404): CodeIgniter\CodeIgniter->runController(Object(App\Controllers\Pages))
#9 C:\xampp\htdocs\system\CodeIgniter.php(312): CodeIgniter\CodeIgniter->handleRequest(NULL, Object(Config\Cache), false)
#10 C:\xampp\htdocs\public\index.php(45): CodeIgniter\CodeIgniter->run()
#11 {main}
CRITICAL - 2020-10-20 13:39:56 --> syntax error, unexpected ';', expecting ')'
#0 C:\xampp\htdocs\system\Common.php(1119): CodeIgniter\View\View->render('templates/blood...', Array, true)
#1 C:\xampp\htdocs\app\Views\pages\home.php(12): view('templates/blood...')
#2 C:\xampp\htdocs\system\View\View.php(246): include('C:\\xampp\\htdocs...')
#3 C:\xampp\htdocs\system\Common.php(1119): CodeIgniter\View\View->render('pages/home', Array, true)
#4 C:\xampp\htdocs\app\Controllers\Pages.php(10): view('pages/home')
#5 C:\xampp\htdocs\system\CodeIgniter.php(918): App\Controllers\Pages->index()
#6 C:\xampp\htdocs\system\CodeIgniter.php(404): CodeIgniter\CodeIgniter->runController(Object(App\Controllers\Pages))
#7 C:\xampp\htdocs\system\CodeIgniter.php(312): CodeIgniter\CodeIgniter->handleRequest(NULL, Object(Config\Cache), false)
#8 C:\xampp\htdocs\public\index.php(45): CodeIgniter\CodeIgniter->run()
#9 {main}
CRITICAL - 2020-10-20 13:42:53 --> syntax error, unexpected ')'
#0 C:\xampp\htdocs\system\Common.php(1119): CodeIgniter\View\View->render('templates/blood...', Array, true)
#1 C:\xampp\htdocs\app\Views\pages\home.php(12): view('templates/blood...')
#2 C:\xampp\htdocs\system\View\View.php(246): include('C:\\xampp\\htdocs...')
#3 C:\xampp\htdocs\system\Common.php(1119): CodeIgniter\View\View->render('pages/home', Array, true)
#4 C:\xampp\htdocs\app\Controllers\Pages.php(10): view('pages/home')
#5 C:\xampp\htdocs\system\CodeIgniter.php(918): App\Controllers\Pages->index()
#6 C:\xampp\htdocs\system\CodeIgniter.php(404): CodeIgniter\CodeIgniter->runController(Object(App\Controllers\Pages))
#7 C:\xampp\htdocs\system\CodeIgniter.php(312): CodeIgniter\CodeIgniter->handleRequest(NULL, Object(Config\Cache), false)
#8 C:\xampp\htdocs\public\index.php(45): CodeIgniter\CodeIgniter->run()
#9 {main}
CRITICAL - 2020-10-20 13:43:15 --> syntax error, unexpected 'echo' (T_ECHO)
#0 C:\xampp\htdocs\system\Common.php(1119): CodeIgniter\View\View->render('templates/blood...', Array, true)
#1 C:\xampp\htdocs\app\Views\pages\home.php(12): view('templates/blood...')
#2 C:\xampp\htdocs\system\View\View.php(246): include('C:\\xampp\\htdocs...')
#3 C:\xampp\htdocs\system\Common.php(1119): CodeIgniter\View\View->render('pages/home', Array, true)
#4 C:\xampp\htdocs\app\Controllers\Pages.php(10): view('pages/home')
#5 C:\xampp\htdocs\system\CodeIgniter.php(918): App\Controllers\Pages->index()
#6 C:\xampp\htdocs\system\CodeIgniter.php(404): CodeIgniter\CodeIgniter->runController(Object(App\Controllers\Pages))
#7 C:\xampp\htdocs\system\CodeIgniter.php(312): CodeIgniter\CodeIgniter->handleRequest(NULL, Object(Config\Cache), false)
#8 C:\xampp\htdocs\public\index.php(45): CodeIgniter\CodeIgniter->run()
#9 {main}
CRITICAL - 2020-10-20 13:43:26 --> syntax error, unexpected 'echo' (T_ECHO)
#0 C:\xampp\htdocs\system\Common.php(1119): CodeIgniter\View\View->render('templates/blood...', Array, true)
#1 C:\xampp\htdocs\app\Views\pages\home.php(12): view('templates/blood...')
#2 C:\xampp\htdocs\system\View\View.php(246): include('C:\\xampp\\htdocs...')
#3 C:\xampp\htdocs\system\Common.php(1119): CodeIgniter\View\View->render('pages/home', Array, true)
#4 C:\xampp\htdocs\app\Controllers\Pages.php(10): view('pages/home')
#5 C:\xampp\htdocs\system\CodeIgniter.php(918): App\Controllers\Pages->index()
#6 C:\xampp\htdocs\system\CodeIgniter.php(404): CodeIgniter\CodeIgniter->runController(Object(App\Controllers\Pages))
#7 C:\xampp\htdocs\system\CodeIgniter.php(312): CodeIgniter\CodeIgniter->handleRequest(NULL, Object(Config\Cache), false)
#8 C:\xampp\htdocs\public\index.php(45): CodeIgniter\CodeIgniter->run()
#9 {main}
CRITICAL - 2020-10-20 13:43:42 --> Undefined index: ap
#0 C:\xampp\htdocs\app\Views\templates\bloodunits.php(36): CodeIgniter\Debug\Exceptions->errorHandler(8, 'Undefined index...', 'C:\\xampp\\htdocs...', 36, Array)
#1 C:\xampp\htdocs\system\View\View.php(246): include('C:\\xampp\\htdocs...')
#2 C:\xampp\htdocs\system\Common.php(1119): CodeIgniter\View\View->render('templates/blood...', Array, true)
#3 C:\xampp\htdocs\app\Views\pages\home.php(12): view('templates/blood...')
#4 C:\xampp\htdocs\system\View\View.php(246): include('C:\\xampp\\htdocs...')
#5 C:\xampp\htdocs\system\Common.php(1119): CodeIgniter\View\View->render('pages/home', Array, true)
#6 C:\xampp\htdocs\app\Controllers\Pages.php(10): view('pages/home')
#7 C:\xampp\htdocs\system\CodeIgniter.php(918): App\Controllers\Pages->index()
#8 C:\xampp\htdocs\system\CodeIgniter.php(404): CodeIgniter\CodeIgniter->runController(Object(App\Controllers\Pages))
#9 C:\xampp\htdocs\system\CodeIgniter.php(312): CodeIgniter\CodeIgniter->handleRequest(NULL, Object(Config\Cache), false)
#10 C:\xampp\htdocs\public\index.php(45): CodeIgniter\CodeIgniter->run()
#11 {main}
CRITICAL - 2020-10-20 13:44:00 --> Undefined index: SUM'ap'
#0 C:\xampp\htdocs\app\Views\templates\bloodunits.php(36): CodeIgniter\Debug\Exceptions->errorHandler(8, 'Undefined index...', 'C:\\xampp\\htdocs...', 36, Array)
#1 C:\xampp\htdocs\system\View\View.php(246): include('C:\\xampp\\htdocs...')
#2 C:\xampp\htdocs\system\Common.php(1119): CodeIgniter\View\View->render('templates/blood...', Array, true)
#3 C:\xampp\htdocs\app\Views\pages\home.php(12): view('templates/blood...')
#4 C:\xampp\htdocs\system\View\View.php(246): include('C:\\xampp\\htdocs...')
#5 C:\xampp\htdocs\system\Common.php(1119): CodeIgniter\View\View->render('pages/home', Array, true)
#6 C:\xampp\htdocs\app\Controllers\Pages.php(10): view('pages/home')
#7 C:\xampp\htdocs\system\CodeIgniter.php(918): App\Controllers\Pages->index()
#8 C:\xampp\htdocs\system\CodeIgniter.php(404): CodeIgniter\CodeIgniter->runController(Object(App\Controllers\Pages))
#9 C:\xampp\htdocs\system\CodeIgniter.php(312): CodeIgniter\CodeIgniter->handleRequest(NULL, Object(Config\Cache), false)
#10 C:\xampp\htdocs\public\index.php(45): CodeIgniter\CodeIgniter->run()
#11 {main}
CRITICAL - 2020-10-20 13:44:16 --> Undefined index: SUM(ap)
#0 C:\xampp\htdocs\app\Views\templates\bloodunits.php(36): CodeIgniter\Debug\Exceptions->errorHandler(8, 'Undefined index...', 'C:\\xampp\\htdocs...', 36, Array)
#1 C:\xampp\htdocs\system\View\View.php(246): include('C:\\xampp\\htdocs...')
#2 C:\xampp\htdocs\system\Common.php(1119): CodeIgniter\View\View->render('templates/blood...', Array, true)
#3 C:\xampp\htdocs\app\Views\pages\home.php(12): view('templates/blood...')
#4 C:\xampp\htdocs\system\View\View.php(246): include('C:\\xampp\\htdocs...')
#5 C:\xampp\htdocs\system\Common.php(1119): CodeIgniter\View\View->render('pages/home', Array, true)
#6 C:\xampp\htdocs\app\Controllers\Pages.php(10): view('pages/home')
#7 C:\xampp\htdocs\system\CodeIgniter.php(918): App\Controllers\Pages->index()
#8 C:\xampp\htdocs\system\CodeIgniter.php(404): CodeIgniter\CodeIgniter->runController(Object(App\Controllers\Pages))
#9 C:\xampp\htdocs\system\CodeIgniter.php(312): CodeIgniter\CodeIgniter->handleRequest(NULL, Object(Config\Cache), false)
#10 C:\xampp\htdocs\public\index.php(45): CodeIgniter\CodeIgniter->run()
#11 {main}
CRITICAL - 2020-10-20 13:44:32 --> Undefined offset: 1
#0 C:\xampp\htdocs\app\Views\templates\bloodunits.php(36): CodeIgniter\Debug\Exceptions->errorHandler(8, 'Undefined offse...', 'C:\\xampp\\htdocs...', 36, Array)
#1 C:\xampp\htdocs\system\View\View.php(246): include('C:\\xampp\\htdocs...')
#2 C:\xampp\htdocs\system\Common.php(1119): CodeIgniter\View\View->render('templates/blood...', Array, true)
#3 C:\xampp\htdocs\app\Views\pages\home.php(12): view('templates/blood...')
#4 C:\xampp\htdocs\system\View\View.php(246): include('C:\\xampp\\htdocs...')
#5 C:\xampp\htdocs\system\Common.php(1119): CodeIgniter\View\View->render('pages/home', Array, true)
#6 C:\xampp\htdocs\app\Controllers\Pages.php(10): view('pages/home')
#7 C:\xampp\htdocs\system\CodeIgniter.php(918): App\Controllers\Pages->index()
#8 C:\xampp\htdocs\system\CodeIgniter.php(404): CodeIgniter\CodeIgniter->runController(Object(App\Controllers\Pages))
#9 C:\xampp\htdocs\system\CodeIgniter.php(312): CodeIgniter\CodeIgniter->handleRequest(NULL, Object(Config\Cache), false)
#10 C:\xampp\htdocs\public\index.php(45): CodeIgniter\CodeIgniter->run()
#11 {main}
CRITICAL - 2020-10-20 13:44:40 --> Undefined offset: 0
#0 C:\xampp\htdocs\app\Views\templates\bloodunits.php(36): CodeIgniter\Debug\Exceptions->errorHandler(8, 'Undefined offse...', 'C:\\xampp\\htdocs...', 36, Array)
#1 C:\xampp\htdocs\system\View\View.php(246): include('C:\\xampp\\htdocs...')
#2 C:\xampp\htdocs\system\Common.php(1119): CodeIgniter\View\View->render('templates/blood...', Array, true)
#3 C:\xampp\htdocs\app\Views\pages\home.php(12): view('templates/blood...')
#4 C:\xampp\htdocs\system\View\View.php(246): include('C:\\xampp\\htdocs...')
#5 C:\xampp\htdocs\system\Common.php(1119): CodeIgniter\View\View->render('pages/home', Array, true)
#6 C:\xampp\htdocs\app\Controllers\Pages.php(10): view('pages/home')
#7 C:\xampp\htdocs\system\CodeIgniter.php(918): App\Controllers\Pages->index()
#8 C:\xampp\htdocs\system\CodeIgniter.php(404): CodeIgniter\CodeIgniter->runController(Object(App\Controllers\Pages))
#9 C:\xampp\htdocs\system\CodeIgniter.php(312): CodeIgniter\CodeIgniter->handleRequest(NULL, Object(Config\Cache), false)
#10 C:\xampp\htdocs\public\index.php(45): CodeIgniter\CodeIgniter->run()
#11 {main}
CRITICAL - 2020-10-20 13:44:49 --> Undefined offset: 0
#0 C:\xampp\htdocs\app\Views\templates\bloodunits.php(36): CodeIgniter\Debug\Exceptions->errorHandler(8, 'Undefined offse...', 'C:\\xampp\\htdocs...', 36, Array)
#1 C:\xampp\htdocs\system\View\View.php(246): include('C:\\xampp\\htdocs...')
#2 C:\xampp\htdocs\system\Common.php(1119): CodeIgniter\View\View->render('templates/blood...', Array, true)
#3 C:\xampp\htdocs\app\Views\pages\home.php(12): view('templates/blood...')
#4 C:\xampp\htdocs\system\View\View.php(246): include('C:\\xampp\\htdocs...')
#5 C:\xampp\htdocs\system\Common.php(1119): CodeIgniter\View\View->render('pages/home', Array, true)
#6 C:\xampp\htdocs\app\Controllers\Pages.php(10): view('pages/home')
#7 C:\xampp\htdocs\system\CodeIgniter.php(918): App\Controllers\Pages->index()
#8 C:\xampp\htdocs\system\CodeIgniter.php(404): CodeIgniter\CodeIgniter->runController(Object(App\Controllers\Pages))
#9 C:\xampp\htdocs\system\CodeIgniter.php(312): CodeIgniter\CodeIgniter->handleRequest(NULL, Object(Config\Cache), false)
#10 C:\xampp\htdocs\public\index.php(45): CodeIgniter\CodeIgniter->run()
#11 {main}
CRITICAL - 2020-10-20 13:44:57 --> Array to string conversion
#0 C:\xampp\htdocs\app\Views\templates\bloodunits.php(36): CodeIgniter\Debug\Exceptions->errorHandler(8, 'Array to string...', 'C:\\xampp\\htdocs...', 36, Array)
#1 C:\xampp\htdocs\system\View\View.php(246): include('C:\\xampp\\htdocs...')
#2 C:\xampp\htdocs\system\Common.php(1119): CodeIgniter\View\View->render('templates/blood...', Array, true)
#3 C:\xampp\htdocs\app\Views\pages\home.php(12): view('templates/blood...')
#4 C:\xampp\htdocs\system\View\View.php(246): include('C:\\xampp\\htdocs...')
#5 C:\xampp\htdocs\system\Common.php(1119): CodeIgniter\View\View->render('pages/home', Array, true)
#6 C:\xampp\htdocs\app\Controllers\Pages.php(10): view('pages/home')
#7 C:\xampp\htdocs\system\CodeIgniter.php(918): App\Controllers\Pages->index()
#8 C:\xampp\htdocs\system\CodeIgniter.php(404): CodeIgniter\CodeIgniter->runController(Object(App\Controllers\Pages))
#9 C:\xampp\htdocs\system\CodeIgniter.php(312): CodeIgniter\CodeIgniter->handleRequest(NULL, Object(Config\Cache), false)
#10 C:\xampp\htdocs\public\index.php(45): CodeIgniter\CodeIgniter->run()
#11 {main}
CRITICAL - 2020-10-20 13:46:09 --> syntax error, unexpected ''SUM(`ap`)'' (T_CONSTANT_ENCAPSED_STRING), expecting ')'
#0 C:\xampp\htdocs\system\Common.php(1119): CodeIgniter\View\View->render('templates/blood...', Array, true)
#1 C:\xampp\htdocs\app\Views\pages\home.php(12): view('templates/blood...')
#2 C:\xampp\htdocs\system\View\View.php(246): include('C:\\xampp\\htdocs...')
#3 C:\xampp\htdocs\system\Common.php(1119): CodeIgniter\View\View->render('pages/home', Array, true)
#4 C:\xampp\htdocs\app\Controllers\Pages.php(10): view('pages/home')
#5 C:\xampp\htdocs\system\CodeIgniter.php(918): App\Controllers\Pages->index()
#6 C:\xampp\htdocs\system\CodeIgniter.php(404): CodeIgniter\CodeIgniter->runController(Object(App\Controllers\Pages))
#7 C:\xampp\htdocs\system\CodeIgniter.php(312): CodeIgniter\CodeIgniter->handleRequest(NULL, Object(Config\Cache), false)
#8 C:\xampp\htdocs\public\index.php(45): CodeIgniter\CodeIgniter->run()
#9 {main}
CRITICAL - 2020-10-20 13:52:54 --> syntax error, unexpected '"getbloodunit.php"' (T_CONSTANT_ENCAPSED_STRING)
#0 C:\xampp\htdocs\system\Common.php(1119): CodeIgniter\View\View->render('templates/blood...', Array, true)
#1 C:\xampp\htdocs\app\Views\pages\home.php(12): view('templates/blood...')
#2 C:\xampp\htdocs\system\View\View.php(246): include('C:\\xampp\\htdocs...')
#3 C:\xampp\htdocs\system\Common.php(1119): CodeIgniter\View\View->render('pages/home', Array, true)
#4 C:\xampp\htdocs\app\Controllers\Pages.php(10): view('pages/home')
#5 C:\xampp\htdocs\system\CodeIgniter.php(918): App\Controllers\Pages->index()
#6 C:\xampp\htdocs\system\CodeIgniter.php(404): CodeIgniter\CodeIgniter->runController(Object(App\Controllers\Pages))
#7 C:\xampp\htdocs\system\CodeIgniter.php(312): CodeIgniter\CodeIgniter->handleRequest(NULL, Object(Config\Cache), false)
#8 C:\xampp\htdocs\public\index.php(45): CodeIgniter\CodeIgniter->run()
#9 {main}
